Analysis & Synthesis report for lab6_top
Mon Oct 23 13:26:17 2017
Quartus II 64-Bit Version 15.0.0 Build 145 04/22/2015 SJ Web Edition


---------------------
; Table of Contents ;
---------------------
  1. Legal Notice
  2. Analysis & Synthesis Summary
  3. Analysis & Synthesis Settings
  4. Parallel Compilation
  5. Analysis & Synthesis Source Files Read
  6. Analysis & Synthesis Resource Usage Summary
  7. Analysis & Synthesis Resource Utilization by Entity
  8. General Register Statistics
  9. Multiplexer Restructuring Statistics (Restructuring Performed)
 10. Parameter Settings for User Entity Instance: input_iface:IN|vDFF:REG
 11. Parameter Settings for User Entity Instance: cpu:U|vDFFE:instructionReg
 12. Parameter Settings for User Entity Instance: cpu:U|signExtended:Xtendimm5
 13. Parameter Settings for User Entity Instance: cpu:U|signExtended:Xtendimm8
 14. Parameter Settings for User Entity Instance: cpu:U|FSM:statemachine|vDFF:STATE
 15. Parameter Settings for User Entity Instance: cpu:U|mux31:muxintoregister
 16. Parameter Settings for User Entity Instance: cpu:U|datapath:DP|mux41:muxintoregister
 17. Parameter Settings for User Entity Instance: cpu:U|datapath:DP|regfile:REGFILE|dec:decodetoregister
 18. Parameter Settings for User Entity Instance: cpu:U|datapath:DP|regfile:REGFILE|vDFFE:toR0
 19. Parameter Settings for User Entity Instance: cpu:U|datapath:DP|regfile:REGFILE|vDFFE:toR1
 20. Parameter Settings for User Entity Instance: cpu:U|datapath:DP|regfile:REGFILE|vDFFE:toR2
 21. Parameter Settings for User Entity Instance: cpu:U|datapath:DP|regfile:REGFILE|vDFFE:toR3
 22. Parameter Settings for User Entity Instance: cpu:U|datapath:DP|regfile:REGFILE|vDFFE:toR4
 23. Parameter Settings for User Entity Instance: cpu:U|datapath:DP|regfile:REGFILE|vDFFE:toR5
 24. Parameter Settings for User Entity Instance: cpu:U|datapath:DP|regfile:REGFILE|vDFFE:toR6
 25. Parameter Settings for User Entity Instance: cpu:U|datapath:DP|regfile:REGFILE|vDFFE:toR7
 26. Parameter Settings for User Entity Instance: cpu:U|datapath:DP|regfile:REGFILE|dec:decodetomux
 27. Parameter Settings for User Entity Instance: cpu:U|datapath:DP|vDFFE:aRegister
 28. Parameter Settings for User Entity Instance: cpu:U|datapath:DP|vDFFE:bRegister
 29. Parameter Settings for User Entity Instance: cpu:U|datapath:DP|alu:CMP|AddSub:ADDER1
 30. Parameter Settings for User Entity Instance: cpu:U|datapath:DP|alu:CMP|AddSub:ADDER1|Adder1:ai
 31. Parameter Settings for User Entity Instance: cpu:U|datapath:DP|alu:CMP|AddSub:ADDER1|Adder1:as
 32. Parameter Settings for User Entity Instance: cpu:U|datapath:DP|vDFFE:cRegister
 33. Parameter Settings for User Entity Instance: cpu:U|datapath:DP|vDFFE:stat
 34. Port Connectivity Checks: "cpu:U|datapath:DP|alu:CMP|AddSub:ADDER1"
 35. Port Connectivity Checks: "cpu:U|datapath:DP|mux41:muxintoregister"
 36. Port Connectivity Checks: "cpu:U|datapath:DP"
 37. Post-Synthesis Netlist Statistics for Top Partition
 38. Elapsed Time Per Partition
 39. Analysis & Synthesis Messages
 40. Analysis & Synthesis Suppressed Messages



----------------
; Legal Notice ;
----------------
Copyright (C) 1991-2015 Altera Corporation. All rights reserved.
Your use of Altera Corporation's design tools, logic functions 
and other software and tools, and its AMPP partner logic 
functions, and any output files from any of the foregoing 
(including device programming or simulation files), and any 
associated documentation or information are expressly subject 
to the terms and conditions of the Altera Program License 
Subscription Agreement, the Altera Quartus II License Agreement,
the Altera MegaCore Function License Agreement, or other 
applicable license agreement, including, without limitation, 
that your use is for the sole purpose of programming logic 
devices manufactured by Altera and sold by Altera or its 
authorized distributors.  Please refer to the applicable 
agreement for further details.



+------------------------------------------------------------------------------+
; Analysis & Synthesis Summary                                                 ;
+---------------------------------+--------------------------------------------+
; Analysis & Synthesis Status     ; Successful - Mon Oct 23 13:26:17 2017      ;
; Quartus II 64-Bit Version       ; 15.0.0 Build 145 04/22/2015 SJ Web Edition ;
; Revision Name                   ; lab6_top                                   ;
; Top-level Entity Name           ; lab6_top                                   ;
; Family                          ; Cyclone V                                  ;
; Logic utilization (in ALMs)     ; N/A                                        ;
; Total registers                 ; 216                                        ;
; Total pins                      ; 67                                         ;
; Total virtual pins              ; 0                                          ;
; Total block memory bits         ; 0                                          ;
; Total DSP Blocks                ; 0                                          ;
; Total HSSI RX PCSs              ; 0                                          ;
; Total HSSI PMA RX Deserializers ; 0                                          ;
; Total HSSI TX PCSs              ; 0                                          ;
; Total HSSI PMA TX Serializers   ; 0                                          ;
; Total PLLs                      ; 0                                          ;
; Total DLLs                      ; 0                                          ;
+---------------------------------+--------------------------------------------+


+---------------------------------------------------------------------------------------------------------------------------+
; Analysis & Synthesis Settings                                                                                             ;
+---------------------------------------------------------------------------------+--------------------+--------------------+
; Option                                                                          ; Setting            ; Default Value      ;
+---------------------------------------------------------------------------------+--------------------+--------------------+
; Device                                                                          ; 5CSEMA5F31C6       ;                    ;
; Top-level entity name                                                           ; lab6_top           ; lab6_top           ;
; Family name                                                                     ; Cyclone V          ; Cyclone V          ;
; Use smart compilation                                                           ; Off                ; Off                ;
; Enable parallel Assembler and TimeQuest Timing Analyzer during compilation      ; On                 ; On                 ;
; Enable compact report table                                                     ; Off                ; Off                ;
; Restructure Multiplexers                                                        ; Auto               ; Auto               ;
; MLAB Add Timing Constraints For Mixed-Port Feed-Through Mode Setting Don't Care ; Off                ; Off                ;
; Create Debugging Nodes for IP Cores                                             ; Off                ; Off                ;
; Preserve fewer node names                                                       ; On                 ; On                 ;
; Disable OpenCore Plus hardware evaluation                                       ; Off                ; Off                ;
; Verilog Version                                                                 ; Verilog_2001       ; Verilog_2001       ;
; VHDL Version                                                                    ; VHDL_1993          ; VHDL_1993          ;
; State Machine Processing                                                        ; Auto               ; Auto               ;
; Safe State Machine                                                              ; Off                ; Off                ;
; Extract Verilog State Machines                                                  ; On                 ; On                 ;
; Extract VHDL State Machines                                                     ; On                 ; On                 ;
; Ignore Verilog initial constructs                                               ; Off                ; Off                ;
; Iteration limit for constant Verilog loops                                      ; 5000               ; 5000               ;
; Iteration limit for non-constant Verilog loops                                  ; 250                ; 250                ;
; Add Pass-Through Logic to Inferred RAMs                                         ; On                 ; On                 ;
; Infer RAMs from Raw Logic                                                       ; On                 ; On                 ;
; Parallel Synthesis                                                              ; On                 ; On                 ;
; DSP Block Balancing                                                             ; Auto               ; Auto               ;
; NOT Gate Push-Back                                                              ; On                 ; On                 ;
; Power-Up Don't Care                                                             ; On                 ; On                 ;
; Remove Redundant Logic Cells                                                    ; Off                ; Off                ;
; Remove Duplicate Registers                                                      ; On                 ; On                 ;
; Ignore CARRY Buffers                                                            ; Off                ; Off                ;
; Ignore CASCADE Buffers                                                          ; Off                ; Off                ;
; Ignore GLOBAL Buffers                                                           ; Off                ; Off                ;
; Ignore ROW GLOBAL Buffers                                                       ; Off                ; Off                ;
; Ignore LCELL Buffers                                                            ; Off                ; Off                ;
; Ignore SOFT Buffers                                                             ; On                 ; On                 ;
; Limit AHDL Integers to 32 Bits                                                  ; Off                ; Off                ;
; Optimization Technique                                                          ; Balanced           ; Balanced           ;
; Carry Chain Length                                                              ; 70                 ; 70                 ;
; Auto Carry Chains                                                               ; On                 ; On                 ;
; Auto Open-Drain Pins                                                            ; On                 ; On                 ;
; Perform WYSIWYG Primitive Resynthesis                                           ; Off                ; Off                ;
; Auto ROM Replacement                                                            ; On                 ; On                 ;
; Auto RAM Replacement                                                            ; On                 ; On                 ;
; Auto DSP Block Replacement                                                      ; On                 ; On                 ;
; Auto Shift Register Replacement                                                 ; Auto               ; Auto               ;
; Allow Shift Register Merging across Hierarchies                                 ; Auto               ; Auto               ;
; Auto Clock Enable Replacement                                                   ; On                 ; On                 ;
; Strict RAM Replacement                                                          ; Off                ; Off                ;
; Allow Synchronous Control Signals                                               ; On                 ; On                 ;
; Force Use of Synchronous Clear Signals                                          ; Off                ; Off                ;
; Auto Resource Sharing                                                           ; Off                ; Off                ;
; Allow Any RAM Size For Recognition                                              ; Off                ; Off                ;
; Allow Any ROM Size For Recognition                                              ; Off                ; Off                ;
; Allow Any Shift Register Size For Recognition                                   ; Off                ; Off                ;
; Use LogicLock Constraints during Resource Balancing                             ; On                 ; On                 ;
; Ignore translate_off and synthesis_off directives                               ; Off                ; Off                ;
; Timing-Driven Synthesis                                                         ; On                 ; On                 ;
; Report Parameter Settings                                                       ; On                 ; On                 ;
; Report Source Assignments                                                       ; On                 ; On                 ;
; Report Connectivity Checks                                                      ; On                 ; On                 ;
; Ignore Maximum Fan-Out Assignments                                              ; Off                ; Off                ;
; Synchronization Register Chain Length                                           ; 3                  ; 3                  ;
; PowerPlay Power Optimization During Synthesis                                   ; Normal compilation ; Normal compilation ;
; HDL message level                                                               ; Level2             ; Level2             ;
; Suppress Register Optimization Related Messages                                 ; Off                ; Off                ;
; Number of Removed Registers Reported in Synthesis Report                        ; 5000               ; 5000               ;
; Number of Swept Nodes Reported in Synthesis Report                              ; 5000               ; 5000               ;
; Number of Inverted Registers Reported in Synthesis Report                       ; 100                ; 100                ;
; Clock MUX Protection                                                            ; On                 ; On                 ;
; Auto Gated Clock Conversion                                                     ; Off                ; Off                ;
; Block Design Naming                                                             ; Auto               ; Auto               ;
; SDC constraint protection                                                       ; Off                ; Off                ;
; Synthesis Effort                                                                ; Auto               ; Auto               ;
; Shift Register Replacement - Allow Asynchronous Clear Signal                    ; On                 ; On                 ;
; Pre-Mapping Resynthesis Optimization                                            ; Off                ; Off                ;
; Analysis & Synthesis Message Level                                              ; Medium             ; Medium             ;
; Disable Register Merging Across Hierarchies                                     ; Auto               ; Auto               ;
; Resource Aware Inference For Block RAM                                          ; On                 ; On                 ;
; Synthesis Seed                                                                  ; 1                  ; 1                  ;
; Automatic Parallel Synthesis                                                    ; On                 ; On                 ;
; Partial Reconfiguration Bitstream ID                                            ; Off                ; Off                ;
+---------------------------------------------------------------------------------+--------------------+--------------------+


Parallel compilation was disabled, but you have multiple processors available. Enable parallel compilation to reduce compilation time.
+-------------------------------------+
; Parallel Compilation                ;
+----------------------------+--------+
; Processors                 ; Number ;
+----------------------------+--------+
; Number detected on machine ; 4      ;
; Maximum allowed            ; 1      ;
+----------------------------+--------+


+----------------------------------------------------------------------------------------------------------------------------------------+
; Analysis & Synthesis Source Files Read                                                                                                 ;
+----------------------------------+-----------------+------------------------+------------------------------------------------+---------+
; File Name with User-Entered Path ; Used in Netlist ; File Type              ; File Name with Absolute Path                   ; Library ;
+----------------------------------+-----------------+------------------------+------------------------------------------------+---------+
; shifter.v                        ; yes             ; User Verilog HDL File  ; C:/Users/Cyrus/Desktop/CPEN211/lab6/shifter.v  ;         ;
; regfile.v                        ; yes             ; User Verilog HDL File  ; C:/Users/Cyrus/Desktop/CPEN211/lab6/regfile.v  ;         ;
; lab6_top.v                       ; yes             ; User Verilog HDL File  ; C:/Users/Cyrus/Desktop/CPEN211/lab6/lab6_top.v ;         ;
; datapath.v                       ; yes             ; User Verilog HDL File  ; C:/Users/Cyrus/Desktop/CPEN211/lab6/datapath.v ;         ;
; cpu.v                            ; yes             ; User Verilog HDL File  ; C:/Users/Cyrus/Desktop/CPEN211/lab6/cpu.v      ;         ;
; alu.v                            ; yes             ; User Verilog HDL File  ; C:/Users/Cyrus/Desktop/CPEN211/lab6/alu.v      ;         ;
+----------------------------------+-----------------+------------------------+------------------------------------------------+---------+


+------------------------------------------------------------+
; Analysis & Synthesis Resource Usage Summary                ;
+---------------------------------------------+--------------+
; Resource                                    ; Usage        ;
+---------------------------------------------+--------------+
; Estimate of Logic utilization (ALMs needed) ; 167          ;
;                                             ;              ;
; Combinational ALUT usage for logic          ; 233          ;
;     -- 7 input functions                    ; 0            ;
;     -- 6 input functions                    ; 58           ;
;     -- 5 input functions                    ; 65           ;
;     -- 4 input functions                    ; 52           ;
;     -- <=3 input functions                  ; 58           ;
;                                             ;              ;
; Dedicated logic registers                   ; 216          ;
;                                             ;              ;
; I/O pins                                    ; 67           ;
;                                             ;              ;
; Total DSP Blocks                            ; 0            ;
;                                             ;              ;
; Maximum fan-out node                        ; KEY[0]~input ;
; Maximum fan-out                             ; 200          ;
; Total fan-out                               ; 1850         ;
; Average fan-out                             ; 3.17         ;
+---------------------------------------------+--------------+


+---------------------------------------------------------------------------------------------------------------------------------------------------------------------------------------------------------+
; Analysis & Synthesis Resource Utilization by Entity                                                                                                                                                     ;
+----------------------------------+-------------------+--------------+-------------------+------------+------+--------------+-------------------------------------------------------------+--------------+
; Compilation Hierarchy Node       ; LC Combinationals ; LC Registers ; Block Memory Bits ; DSP Blocks ; Pins ; Virtual Pins ; Full Hierarchy Name                                         ; Library Name ;
+----------------------------------+-------------------+--------------+-------------------+------------+------+--------------+-------------------------------------------------------------+--------------+
; |lab6_top                        ; 233 (23)          ; 216 (0)      ; 0                 ; 0          ; 67   ; 0            ; |lab6_top                                                   ; work         ;
;    |cpu:U|                       ; 174 (0)           ; 200 (0)      ; 0                 ; 0          ; 0    ; 0            ; |lab6_top|cpu:U                                             ; work         ;
;       |FSM:statemachine|         ; 25 (25)           ; 5 (0)        ; 0                 ; 0          ; 0    ; 0            ; |lab6_top|cpu:U|FSM:statemachine                            ; work         ;
;          |vDFF:STATE|            ; 0 (0)             ; 5 (5)        ; 0                 ; 0          ; 0    ; 0            ; |lab6_top|cpu:U|FSM:statemachine|vDFF:STATE                 ; work         ;
;       |datapath:DP|              ; 146 (16)          ; 179 (0)      ; 0                 ; 0          ; 0    ; 0            ; |lab6_top|cpu:U|datapath:DP                                 ; work         ;
;          |alu:CMP|               ; 54 (44)           ; 0 (0)        ; 0                 ; 0          ; 0    ; 0            ; |lab6_top|cpu:U|datapath:DP|alu:CMP                         ; work         ;
;             |AddSub:ADDER1|      ; 10 (2)            ; 0 (0)        ; 0                 ; 0          ; 0    ; 0            ; |lab6_top|cpu:U|datapath:DP|alu:CMP|AddSub:ADDER1           ; work         ;
;                |Adder1:ai|       ; 8 (8)             ; 0 (0)        ; 0                 ; 0          ; 0    ; 0            ; |lab6_top|cpu:U|datapath:DP|alu:CMP|AddSub:ADDER1|Adder1:ai ; work         ;
;          |mux41:muxintoregister| ; 16 (16)           ; 0 (0)        ; 0                 ; 0          ; 0    ; 0            ; |lab6_top|cpu:U|datapath:DP|mux41:muxintoregister           ; work         ;
;          |regfile:REGFILE|       ; 60 (8)            ; 128 (0)      ; 0                 ; 0          ; 0    ; 0            ; |lab6_top|cpu:U|datapath:DP|regfile:REGFILE                 ; work         ;
;             |dec:decodetomux|    ; 1 (1)             ; 0 (0)        ; 0                 ; 0          ; 0    ; 0            ; |lab6_top|cpu:U|datapath:DP|regfile:REGFILE|dec:decodetomux ; work         ;
;             |mux2:chooser|       ; 51 (51)           ; 0 (0)        ; 0                 ; 0          ; 0    ; 0            ; |lab6_top|cpu:U|datapath:DP|regfile:REGFILE|mux2:chooser    ; work         ;
;             |vDFFE:toR0|         ; 0 (0)             ; 16 (16)      ; 0                 ; 0          ; 0    ; 0            ; |lab6_top|cpu:U|datapath:DP|regfile:REGFILE|vDFFE:toR0      ; work         ;
;             |vDFFE:toR1|         ; 0 (0)             ; 16 (16)      ; 0                 ; 0          ; 0    ; 0            ; |lab6_top|cpu:U|datapath:DP|regfile:REGFILE|vDFFE:toR1      ; work         ;
;             |vDFFE:toR2|         ; 0 (0)             ; 16 (16)      ; 0                 ; 0          ; 0    ; 0            ; |lab6_top|cpu:U|datapath:DP|regfile:REGFILE|vDFFE:toR2      ; work         ;
;             |vDFFE:toR3|         ; 0 (0)             ; 16 (16)      ; 0                 ; 0          ; 0    ; 0            ; |lab6_top|cpu:U|datapath:DP|regfile:REGFILE|vDFFE:toR3      ; work         ;
;             |vDFFE:toR4|         ; 0 (0)             ; 16 (16)      ; 0                 ; 0          ; 0    ; 0            ; |lab6_top|cpu:U|datapath:DP|regfile:REGFILE|vDFFE:toR4      ; work         ;
;             |vDFFE:toR5|         ; 0 (0)             ; 16 (16)      ; 0                 ; 0          ; 0    ; 0            ; |lab6_top|cpu:U|datapath:DP|regfile:REGFILE|vDFFE:toR5      ; work         ;
;             |vDFFE:toR6|         ; 0 (0)             ; 16 (16)      ; 0                 ; 0          ; 0    ; 0            ; |lab6_top|cpu:U|datapath:DP|regfile:REGFILE|vDFFE:toR6      ; work         ;
;             |vDFFE:toR7|         ; 0 (0)             ; 16 (16)      ; 0                 ; 0          ; 0    ; 0            ; |lab6_top|cpu:U|datapath:DP|regfile:REGFILE|vDFFE:toR7      ; work         ;
;          |vDFFE:aRegister|       ; 0 (0)             ; 16 (16)      ; 0                 ; 0          ; 0    ; 0            ; |lab6_top|cpu:U|datapath:DP|vDFFE:aRegister                 ; work         ;
;          |vDFFE:bRegister|       ; 0 (0)             ; 16 (16)      ; 0                 ; 0          ; 0    ; 0            ; |lab6_top|cpu:U|datapath:DP|vDFFE:bRegister                 ; work         ;
;          |vDFFE:cRegister|       ; 0 (0)             ; 16 (16)      ; 0                 ; 0          ; 0    ; 0            ; |lab6_top|cpu:U|datapath:DP|vDFFE:cRegister                 ; work         ;
;          |vDFFE:stat|            ; 0 (0)             ; 3 (3)        ; 0                 ; 0          ; 0    ; 0            ; |lab6_top|cpu:U|datapath:DP|vDFFE:stat                      ; work         ;
;       |mux31:muxintoregister|    ; 3 (3)             ; 0 (0)        ; 0                 ; 0          ; 0    ; 0            ; |lab6_top|cpu:U|mux31:muxintoregister                       ; work         ;
;       |vDFFE:instructionReg|     ; 0 (0)             ; 16 (16)      ; 0                 ; 0          ; 0    ; 0            ; |lab6_top|cpu:U|vDFFE:instructionReg                        ; work         ;
;    |input_iface:IN|              ; 8 (8)             ; 16 (0)       ; 0                 ; 0          ; 0    ; 0            ; |lab6_top|input_iface:IN                                    ; work         ;
;       |vDFF:REG|                 ; 0 (0)             ; 16 (16)      ; 0                 ; 0          ; 0    ; 0            ; |lab6_top|input_iface:IN|vDFF:REG                           ; work         ;
;    |sseg:H0|                     ; 7 (7)             ; 0 (0)        ; 0                 ; 0          ; 0    ; 0            ; |lab6_top|sseg:H0                                           ; work         ;
;    |sseg:H1|                     ; 7 (7)             ; 0 (0)        ; 0                 ; 0          ; 0    ; 0            ; |lab6_top|sseg:H1                                           ; work         ;
;    |sseg:H2|                     ; 7 (7)             ; 0 (0)        ; 0                 ; 0          ; 0    ; 0            ; |lab6_top|sseg:H2                                           ; work         ;
;    |sseg:H3|                     ; 7 (7)             ; 0 (0)        ; 0                 ; 0          ; 0    ; 0            ; |lab6_top|sseg:H3                                           ; work         ;
+----------------------------------+-------------------+--------------+-------------------+------------+------+--------------+-------------------------------------------------------------+--------------+
Note: For table entries with two numbers listed, the numbers in parentheses indicate the number of resources of the given type used by the specific entity alone. The numbers listed outside of parentheses indicate the total resources of the given type used by the specific entity and all of its sub-entities in the hierarchy.


+------------------------------------------------------+
; General Register Statistics                          ;
+----------------------------------------------+-------+
; Statistic                                    ; Value ;
+----------------------------------------------+-------+
; Total registers                              ; 216   ;
; Number of registers using Synchronous Clear  ; 0     ;
; Number of registers using Synchronous Load   ; 17    ;
; Number of registers using Asynchronous Clear ; 0     ;
; Number of registers using Asynchronous Load  ; 0     ;
; Number of registers using Clock Enable       ; 211   ;
; Number of registers using Preset             ; 0     ;
+----------------------------------------------+-------+


+-----------------------------------------------------------------------------------------------------------------------------------------------------------------------------------+
; Multiplexer Restructuring Statistics (Restructuring Performed)                                                                                                                    ;
+--------------------+-----------+---------------+----------------------+------------------------+------------+---------------------------------------------------------------------+
; Multiplexer Inputs ; Bus Width ; Baseline Area ; Area if Restructured ; Saving if Restructured ; Registered ; Example Multiplexer Output                                          ;
+--------------------+-----------+---------------+----------------------+------------------------+------------+---------------------------------------------------------------------+
; 4:1                ; 16 bits   ; 32 LEs        ; 32 LEs               ; 0 LEs                  ; No         ; |lab6_top|cpu:U|datapath:DP|alu:CMP|Mux14                           ;
; 4:1                ; 14 bits   ; 28 LEs        ; 28 LEs               ; 0 LEs                  ; No         ; No name available in netlist                                        ;
; 3:1                ; 3 bits    ; 6 LEs         ; 6 LEs                ; 0 LEs                  ; No         ; |lab6_top|cpu:U|mux31:muxintoregister|Mux1                          ;
; 8:1                ; 16 bits   ; 80 LEs        ; 80 LEs               ; 0 LEs                  ; No         ; |lab6_top|cpu:U|datapath:DP|regfile:REGFILE|mux2:chooser|Selector10 ;
+--------------------+-----------+---------------+----------------------+------------------------+------------+---------------------------------------------------------------------+


+----------------------------------------------------------------------+
; Parameter Settings for User Entity Instance: input_iface:IN|vDFF:REG ;
+----------------+-------+---------------------------------------------+
; Parameter Name ; Value ; Type                                        ;
+----------------+-------+---------------------------------------------+
; n              ; 16    ; Signed Integer                              ;
+----------------+-------+---------------------------------------------+
Note: In order to hide this table in the UI and the text report file, please set the "Show Parameter Settings in Synthesis Report" option in "Analysis and Synthesis Settings -> More Settings" to "Off".


+-------------------------------------------------------------------------+
; Parameter Settings for User Entity Instance: cpu:U|vDFFE:instructionReg ;
+----------------+-------+------------------------------------------------+
; Parameter Name ; Value ; Type                                           ;
+----------------+-------+------------------------------------------------+
; n              ; 16    ; Signed Integer                                 ;
+----------------+-------+------------------------------------------------+
Note: In order to hide this table in the UI and the text report file, please set the "Show Parameter Settings in Synthesis Report" option in "Analysis and Synthesis Settings -> More Settings" to "Off".


+---------------------------------------------------------------------------+
; Parameter Settings for User Entity Instance: cpu:U|signExtended:Xtendimm5 ;
+----------------+-------+--------------------------------------------------+
; Parameter Name ; Value ; Type                                             ;
+----------------+-------+--------------------------------------------------+
; n              ; 5     ; Signed Integer                                   ;
; m              ; 16    ; Signed Integer                                   ;
; o              ; 11    ; Signed Integer                                   ;
+----------------+-------+--------------------------------------------------+
Note: In order to hide this table in the UI and the text report file, please set the "Show Parameter Settings in Synthesis Report" option in "Analysis and Synthesis Settings -> More Settings" to "Off".


+---------------------------------------------------------------------------+
; Parameter Settings for User Entity Instance: cpu:U|signExtended:Xtendimm8 ;
+----------------+-------+--------------------------------------------------+
; Parameter Name ; Value ; Type                                             ;
+----------------+-------+--------------------------------------------------+
; n              ; 8     ; Signed Integer                                   ;
; m              ; 16    ; Signed Integer                                   ;
; o              ; 8     ; Signed Integer                                   ;
+----------------+-------+--------------------------------------------------+
Note: In order to hide this table in the UI and the text report file, please set the "Show Parameter Settings in Synthesis Report" option in "Analysis and Synthesis Settings -> More Settings" to "Off".


+--------------------------------------------------------------------------------+
; Parameter Settings for User Entity Instance: cpu:U|FSM:statemachine|vDFF:STATE ;
+----------------+-------+-------------------------------------------------------+
; Parameter Name ; Value ; Type                                                  ;
+----------------+-------+-------------------------------------------------------+
; n              ; 5     ; Signed Integer                                        ;
+----------------+-------+-------------------------------------------------------+
Note: In order to hide this table in the UI and the text report file, please set the "Show Parameter Settings in Synthesis Report" option in "Analysis and Synthesis Settings -> More Settings" to "Off".


+--------------------------------------------------------------------------+
; Parameter Settings for User Entity Instance: cpu:U|mux31:muxintoregister ;
+----------------+-------+-------------------------------------------------+
; Parameter Name ; Value ; Type                                            ;
+----------------+-------+-------------------------------------------------+
; n              ; 3     ; Signed Integer                                  ;
+----------------+-------+-------------------------------------------------+
Note: In order to hide this table in the UI and the text report file, please set the "Show Parameter Settings in Synthesis Report" option in "Analysis and Synthesis Settings -> More Settings" to "Off".


+--------------------------------------------------------------------------------------+
; Parameter Settings for User Entity Instance: cpu:U|datapath:DP|mux41:muxintoregister ;
+----------------+-------+-------------------------------------------------------------+
; Parameter Name ; Value ; Type                                                        ;
+----------------+-------+-------------------------------------------------------------+
; n              ; 16    ; Signed Integer                                              ;
+----------------+-------+-------------------------------------------------------------+
Note: In order to hide this table in the UI and the text report file, please set the "Show Parameter Settings in Synthesis Report" option in "Analysis and Synthesis Settings -> More Settings" to "Off".


+-----------------------------------------------------------------------------------------------------+
; Parameter Settings for User Entity Instance: cpu:U|datapath:DP|regfile:REGFILE|dec:decodetoregister ;
+----------------+-------+----------------------------------------------------------------------------+
; Parameter Name ; Value ; Type                                                                       ;
+----------------+-------+----------------------------------------------------------------------------+
; n              ; 3     ; Signed Integer                                                             ;
; m              ; 8     ; Signed Integer                                                             ;
+----------------+-------+----------------------------------------------------------------------------+
Note: In order to hide this table in the UI and the text report file, please set the "Show Parameter Settings in Synthesis Report" option in "Analysis and Synthesis Settings -> More Settings" to "Off".


+-------------------------------------------------------------------------------------------+
; Parameter Settings for User Entity Instance: cpu:U|datapath:DP|regfile:REGFILE|vDFFE:toR0 ;
+----------------+-------+------------------------------------------------------------------+
; Parameter Name ; Value ; Type                                                             ;
+----------------+-------+------------------------------------------------------------------+
; n              ; 16    ; Signed Integer                                                   ;
+----------------+-------+------------------------------------------------------------------+
Note: In order to hide this table in the UI and the text report file, please set the "Show Parameter Settings in Synthesis Report" option in "Analysis and Synthesis Settings -> More Settings" to "Off".


+-------------------------------------------------------------------------------------------+
; Parameter Settings for User Entity Instance: cpu:U|datapath:DP|regfile:REGFILE|vDFFE:toR1 ;
+----------------+-------+------------------------------------------------------------------+
; Parameter Name ; Value ; Type                                                             ;
+----------------+-------+------------------------------------------------------------------+
; n              ; 16    ; Signed Integer                                                   ;
+----------------+-------+------------------------------------------------------------------+
Note: In order to hide this table in the UI and the text report file, please set the "Show Parameter Settings in Synthesis Report" option in "Analysis and Synthesis Settings -> More Settings" to "Off".


+-------------------------------------------------------------------------------------------+
; Parameter Settings for User Entity Instance: cpu:U|datapath:DP|regfile:REGFILE|vDFFE:toR2 ;
+----------------+-------+------------------------------------------------------------------+
; Parameter Name ; Value ; Type                                                             ;
+----------------+-------+------------------------------------------------------------------+
; n              ; 16    ; Signed Integer                                                   ;
+----------------+-------+------------------------------------------------------------------+
Note: In order to hide this table in the UI and the text report file, please set the "Show Parameter Settings in Synthesis Report" option in "Analysis and Synthesis Settings -> More Settings" to "Off".


+-------------------------------------------------------------------------------------------+
; Parameter Settings for User Entity Instance: cpu:U|datapath:DP|regfile:REGFILE|vDFFE:toR3 ;
+----------------+-------+------------------------------------------------------------------+
; Parameter Name ; Value ; Type                                                             ;
+----------------+-------+------------------------------------------------------------------+
; n              ; 16    ; Signed Integer                                                   ;
+----------------+-------+------------------------------------------------------------------+
Note: In order to hide this table in the UI and the text report file, please set the "Show Parameter Settings in Synthesis Report" option in "Analysis and Synthesis Settings -> More Settings" to "Off".


+-------------------------------------------------------------------------------------------+
; Parameter Settings for User Entity Instance: cpu:U|datapath:DP|regfile:REGFILE|vDFFE:toR4 ;
+----------------+-------+------------------------------------------------------------------+
; Parameter Name ; Value ; Type                                                             ;
+----------------+-------+------------------------------------------------------------------+
; n              ; 16    ; Signed Integer                                                   ;
+----------------+-------+------------------------------------------------------------------+
Note: In order to hide this table in the UI and the text report file, please set the "Show Parameter Settings in Synthesis Report" option in "Analysis and Synthesis Settings -> More Settings" to "Off".


+-------------------------------------------------------------------------------------------+
; Parameter Settings for User Entity Instance: cpu:U|datapath:DP|regfile:REGFILE|vDFFE:toR5 ;
+----------------+-------+------------------------------------------------------------------+
; Parameter Name ; Value ; Type                                                             ;
+----------------+-------+------------------------------------------------------------------+
; n              ; 16    ; Signed Integer                                                   ;
+----------------+-------+------------------------------------------------------------------+
Note: In order to hide this table in the UI and the text report file, please set the "Show Parameter Settings in Synthesis Report" option in "Analysis and Synthesis Settings -> More Settings" to "Off".


+-------------------------------------------------------------------------------------------+
; Parameter Settings for User Entity Instance: cpu:U|datapath:DP|regfile:REGFILE|vDFFE:toR6 ;
+----------------+-------+------------------------------------------------------------------+
; Parameter Name ; Value ; Type                                                             ;
+----------------+-------+------------------------------------------------------------------+
; n              ; 16    ; Signed Integer                                                   ;
+----------------+-------+------------------------------------------------------------------+
Note: In order to hide this table in the UI and the text report file, please set the "Show Parameter Settings in Synthesis Report" option in "Analysis and Synthesis Settings -> More Settings" to "Off".


+-------------------------------------------------------------------------------------------+
; Parameter Settings for User Entity Instance: cpu:U|datapath:DP|regfile:REGFILE|vDFFE:toR7 ;
+----------------+-------+------------------------------------------------------------------+
; Parameter Name ; Value ; Type                                                             ;
+----------------+-------+------------------------------------------------------------------+
; n              ; 16    ; Signed Integer                                                   ;
+----------------+-------+------------------------------------------------------------------+
Note: In order to hide this table in the UI and the text report file, please set the "Show Parameter Settings in Synthesis Report" option in "Analysis and Synthesis Settings -> More Settings" to "Off".


+------------------------------------------------------------------------------------------------+
; Parameter Settings for User Entity Instance: cpu:U|datapath:DP|regfile:REGFILE|dec:decodetomux ;
+----------------+-------+-----------------------------------------------------------------------+
; Parameter Name ; Value ; Type                                                                  ;
+----------------+-------+-----------------------------------------------------------------------+
; n              ; 3     ; Signed Integer                                                        ;
; m              ; 8     ; Signed Integer                                                        ;
+----------------+-------+-----------------------------------------------------------------------+
Note: In order to hide this table in the UI and the text report file, please set the "Show Parameter Settings in Synthesis Report" option in "Analysis and Synthesis Settings -> More Settings" to "Off".


+--------------------------------------------------------------------------------+
; Parameter Settings for User Entity Instance: cpu:U|datapath:DP|vDFFE:aRegister ;
+----------------+-------+-------------------------------------------------------+
; Parameter Name ; Value ; Type                                                  ;
+----------------+-------+-------------------------------------------------------+
; n              ; 16    ; Signed Integer                                        ;
+----------------+-------+-------------------------------------------------------+
Note: In order to hide this table in the UI and the text report file, please set the "Show Parameter Settings in Synthesis Report" option in "Analysis and Synthesis Settings -> More Settings" to "Off".


+--------------------------------------------------------------------------------+
; Parameter Settings for User Entity Instance: cpu:U|datapath:DP|vDFFE:bRegister ;
+----------------+-------+-------------------------------------------------------+
; Parameter Name ; Value ; Type                                                  ;
+----------------+-------+-------------------------------------------------------+
; n              ; 16    ; Signed Integer                                        ;
+----------------+-------+-------------------------------------------------------+
Note: In order to hide this table in the UI and the text report file, please set the "Show Parameter Settings in Synthesis Report" option in "Analysis and Synthesis Settings -> More Settings" to "Off".


+--------------------------------------------------------------------------------------+
; Parameter Settings for User Entity Instance: cpu:U|datapath:DP|alu:CMP|AddSub:ADDER1 ;
+----------------+-------+-------------------------------------------------------------+
; Parameter Name ; Value ; Type                                                        ;
+----------------+-------+-------------------------------------------------------------+
; n              ; 8     ; Signed Integer                                              ;
+----------------+-------+-------------------------------------------------------------+
Note: In order to hide this table in the UI and the text report file, please set the "Show Parameter Settings in Synthesis Report" option in "Analysis and Synthesis Settings -> More Settings" to "Off".


+------------------------------------------------------------------------------------------------+
; Parameter Settings for User Entity Instance: cpu:U|datapath:DP|alu:CMP|AddSub:ADDER1|Adder1:ai ;
+----------------+-------+-----------------------------------------------------------------------+
; Parameter Name ; Value ; Type                                                                  ;
+----------------+-------+-----------------------------------------------------------------------+
; n              ; 7     ; Signed Integer                                                        ;
+----------------+-------+-----------------------------------------------------------------------+
Note: In order to hide this table in the UI and the text report file, please set the "Show Parameter Settings in Synthesis Report" option in "Analysis and Synthesis Settings -> More Settings" to "Off".


+------------------------------------------------------------------------------------------------+
; Parameter Settings for User Entity Instance: cpu:U|datapath:DP|alu:CMP|AddSub:ADDER1|Adder1:as ;
+----------------+-------+-----------------------------------------------------------------------+
; Parameter Name ; Value ; Type                                                                  ;
+----------------+-------+-----------------------------------------------------------------------+
; n              ; 1     ; Signed Integer                                                        ;
+----------------+-------+-----------------------------------------------------------------------+
Note: In order to hide this table in the UI and the text report file, please set the "Show Parameter Settings in Synthesis Report" option in "Analysis and Synthesis Settings -> More Settings" to "Off".


+--------------------------------------------------------------------------------+
; Parameter Settings for User Entity Instance: cpu:U|datapath:DP|vDFFE:cRegister ;
+----------------+-------+-------------------------------------------------------+
; Parameter Name ; Value ; Type                                                  ;
+----------------+-------+-------------------------------------------------------+
; n              ; 16    ; Signed Integer                                        ;
+----------------+-------+-------------------------------------------------------+
Note: In order to hide this table in the UI and the text report file, please set the "Show Parameter Settings in Synthesis Report" option in "Analysis and Synthesis Settings -> More Settings" to "Off".


+---------------------------------------------------------------------------+
; Parameter Settings for User Entity Instance: cpu:U|datapath:DP|vDFFE:stat ;
+----------------+-------+--------------------------------------------------+
; Parameter Name ; Value ; Type                                             ;
+----------------+-------+--------------------------------------------------+
; n              ; 3     ; Signed Integer                                   ;
+----------------+-------+--------------------------------------------------+
Note: In order to hide this table in the UI and the text report file, please set the "Show Parameter Settings in Synthesis Report" option in "Analysis and Synthesis Settings -> More Settings" to "Off".


+----------------------------------------------------------------------------------------------------------------+
; Port Connectivity Checks: "cpu:U|datapath:DP|alu:CMP|AddSub:ADDER1"                                            ;
+------+--------+----------+-------------------------------------------------------------------------------------+
; Port ; Type   ; Severity ; Details                                                                             ;
+------+--------+----------+-------------------------------------------------------------------------------------+
; s    ; Output ; Info     ; Connected to dangling logic. Logic that only feeds a dangling port will be removed. ;
+------+--------+----------+-------------------------------------------------------------------------------------+


+---------------------------------------------------------------------+
; Port Connectivity Checks: "cpu:U|datapath:DP|mux41:muxintoregister" ;
+----------+-------+----------+---------------------------------------+
; Port     ; Type  ; Severity ; Details                               ;
+----------+-------+----------+---------------------------------------+
; b[15..8] ; Input ; Info     ; Stuck at GND                          ;
+----------+-------+----------+---------------------------------------+


+-----------------------------------------------+
; Port Connectivity Checks: "cpu:U|datapath:DP" ;
+-------+-------+----------+--------------------+
; Port  ; Type  ; Severity ; Details            ;
+-------+-------+----------+--------------------+
; PC    ; Input ; Info     ; Stuck at GND       ;
; mdata ; Input ; Info     ; Stuck at GND       ;
+-------+-------+----------+--------------------+


+-----------------------------------------------------+
; Post-Synthesis Netlist Statistics for Top Partition ;
+-----------------------+-----------------------------+
; Type                  ; Count                       ;
+-----------------------+-----------------------------+
; arriav_ff             ; 216                         ;
;     ENA               ; 194                         ;
;     ENA SLD           ; 17                          ;
;     plain             ; 5                           ;
; arriav_lcell_comb     ; 243                         ;
;     arith             ; 17                          ;
;         1 data inputs ; 1                           ;
;         5 data inputs ; 16                          ;
;     normal            ; 218                         ;
;         0 data inputs ; 2                           ;
;         1 data inputs ; 8                           ;
;         2 data inputs ; 6                           ;
;         3 data inputs ; 49                          ;
;         4 data inputs ; 46                          ;
;         5 data inputs ; 49                          ;
;         6 data inputs ; 58                          ;
;     shared            ; 8                           ;
;         0 data inputs ; 1                           ;
;         2 data inputs ; 1                           ;
;         4 data inputs ; 6                           ;
; boundary_port         ; 67                          ;
;                       ;                             ;
; Max LUT depth         ; 5.50                        ;
; Average LUT depth     ; 3.06                        ;
+-----------------------+-----------------------------+


+-------------------------------+
; Elapsed Time Per Partition    ;
+----------------+--------------+
; Partition Name ; Elapsed Time ;
+----------------+--------------+
; Top            ; 00:00:01     ;
+----------------+--------------+


+-------------------------------+
; Analysis & Synthesis Messages ;
+-------------------------------+
Info: *******************************************************************
Info: Running Quartus II 64-Bit Analysis & Synthesis
    Info: Version 15.0.0 Build 145 04/22/2015 SJ Web Edition
    Info: Processing started: Mon Oct 23 13:26:04 2017
Info: Command: quartus_map --read_settings_files=on --write_settings_files=off lab6 -c lab6_top
Warning (20028): Parallel compilation is not licensed and has been disabled
Info (12021): Found 1 design units, including 1 entities, in source file shifter.v
    Info (12023): Found entity 1: shifter
Info (12021): Found 4 design units, including 4 entities, in source file regfile.v
    Info (12023): Found entity 1: regfile
    Info (12023): Found entity 2: dec
    Info (12023): Found entity 3: vDFFE
    Info (12023): Found entity 4: mux2
Info (12021): Found 4 design units, including 4 entities, in source file lab6_top.v
    Info (12023): Found entity 1: lab6_top
    Info (12023): Found entity 2: input_iface
    Info (12023): Found entity 3: vDFF
    Info (12023): Found entity 4: sseg
Warning (12090): Entity "mux41" obtained from "datapath.v" instead of from Quartus II megafunction library
Info (12021): Found 2 design units, including 2 entities, in source file datapath.v
    Info (12023): Found entity 1: datapath
    Info (12023): Found entity 2: mux41
Info (12021): Found 1 design units, including 1 entities, in source file cpu_tb_autograder_example.v
    Info (12023): Found entity 1: cpu_autograder_example_tb
Info (12021): Found 4 design units, including 4 entities, in source file cpu.v
    Info (12023): Found entity 1: cpu
    Info (12023): Found entity 2: mux31
    Info (12023): Found entity 3: signExtended
    Info (12023): Found entity 4: FSM
Info (12021): Found 3 design units, including 3 entities, in source file alu.v
    Info (12023): Found entity 1: alu
    Info (12023): Found entity 2: AddSub
    Info (12023): Found entity 3: Adder1
Info (12127): Elaborating entity "lab6_top" for the top level hierarchy
Info (12128): Elaborating entity "input_iface" for hierarchy "input_iface:IN"
Info (12128): Elaborating entity "vDFF" for hierarchy "input_iface:IN|vDFF:REG"
Info (12128): Elaborating entity "cpu" for hierarchy "cpu:U"
Info (12128): Elaborating entity "vDFFE" for hierarchy "cpu:U|vDFFE:instructionReg"
Info (12128): Elaborating entity "signExtended" for hierarchy "cpu:U|signExtended:Xtendimm5"
Info (12128): Elaborating entity "signExtended" for hierarchy "cpu:U|signExtended:Xtendimm8"
Info (12128): Elaborating entity "FSM" for hierarchy "cpu:U|FSM:statemachine"
Info (12128): Elaborating entity "vDFF" for hierarchy "cpu:U|FSM:statemachine|vDFF:STATE"
Info (12128): Elaborating entity "mux31" for hierarchy "cpu:U|mux31:muxintoregister"
Info (10264): Verilog HDL Case Statement information at cpu.v(59): all case item expressions in this case statement are onehot
Info (12128): Elaborating entity "datapath" for hierarchy "cpu:U|datapath:DP"
Info (12128): Elaborating entity "mux41" for hierarchy "cpu:U|datapath:DP|mux41:muxintoregister"
Info (12128): Elaborating entity "regfile" for hierarchy "cpu:U|datapath:DP|regfile:REGFILE"
Info (12128): Elaborating entity "dec" for hierarchy "cpu:U|datapath:DP|regfile:REGFILE|dec:decodetoregister"
Warning (10230): Verilog HDL assignment warning at regfile.v(55): truncated value with size 32 to match size of target (8)
Info (12128): Elaborating entity "mux2" for hierarchy "cpu:U|datapath:DP|regfile:REGFILE|mux2:chooser"
Info (10264): Verilog HDL Case Statement information at regfile.v(88): all case item expressions in this case statement are onehot
Info (12128): Elaborating entity "vDFFE" for hierarchy "cpu:U|datapath:DP|vDFFE:aRegister"
Info (12128): Elaborating entity "shifter" for hierarchy "cpu:U|datapath:DP|shifter:shifting"
Info (12128): Elaborating entity "alu" for hierarchy "cpu:U|datapath:DP|alu:CMP"
Info (12128): Elaborating entity "AddSub" for hierarchy "cpu:U|datapath:DP|alu:CMP|AddSub:ADDER1"
Info (12128): Elaborating entity "Adder1" for hierarchy "cpu:U|datapath:DP|alu:CMP|AddSub:ADDER1|Adder1:ai"
Info (12128): Elaborating entity "Adder1" for hierarchy "cpu:U|datapath:DP|alu:CMP|AddSub:ADDER1|Adder1:as"
Info (12128): Elaborating entity "vDFFE" for hierarchy "cpu:U|datapath:DP|vDFFE:stat"
Info (12128): Elaborating entity "sseg" for hierarchy "sseg:H0"
Warning (13024): Output pins are stuck at VCC or GND
    Warning (13410): Pin "LEDR[8]" is stuck at GND
    Warning (13410): Pin "HEX4[0]" is stuck at VCC
    Warning (13410): Pin "HEX4[1]" is stuck at VCC
    Warning (13410): Pin "HEX4[2]" is stuck at VCC
    Warning (13410): Pin "HEX4[3]" is stuck at VCC
    Warning (13410): Pin "HEX4[4]" is stuck at VCC
    Warning (13410): Pin "HEX4[5]" is stuck at VCC
    Warning (13410): Pin "HEX4[6]" is stuck at VCC
    Warning (13410): Pin "HEX5[1]" is stuck at VCC
    Warning (13410): Pin "HEX5[2]" is stuck at VCC
    Warning (13410): Pin "HEX5[4]" is stuck at VCC
    Warning (13410): Pin "HEX5[5]" is stuck at VCC
Info (286030): Timing-Driven Synthesis is running
Info (144001): Generated suppressed messages file C:/Users/Cyrus/Desktop/CPEN211/lab6/output_files/lab6_top.map.smsg
Info (16010): Generating hard_block partition "hard_block:auto_generated_inst"
    Info (16011): Adding 0 node(s), including 0 DDIO, 0 PLL, 0 transceiver and 0 LCELL
Warning (21074): Design contains 1 input pin(s) that do not drive logic
    Warning (15610): No output dependent on input pin "SW[8]"
Info (21057): Implemented 509 device resources after synthesis - the final resource count might be different
    Info (21058): Implemented 15 input pins
    Info (21059): Implemented 52 output pins
    Info (21061): Implemented 442 logic cells
Info: Quartus II 64-Bit Analysis & Synthesis was successful. 0 errors, 18 warnings
    Info: Peak virtual memory: 749 megabytes
    Info: Processing ended: Mon Oct 23 13:26:17 2017
    Info: Elapsed time: 00:00:13
    Info: Total CPU time (on all processors): 00:00:18


+------------------------------------------+
; Analysis & Synthesis Suppressed Messages ;
+------------------------------------------+
The suppressed messages can be found in C:/Users/Cyrus/Desktop/CPEN211/lab6/output_files/lab6_top.map.smsg.


