Analysis & Synthesis report for lab7_top
Sat Jan 12 23:32:08 2019
Quartus II 64-Bit Version 14.1.0 Build 186 12/03/2014 SJ Web Edition


---------------------
; Table of Contents ;
---------------------
  1. Legal Notice
  2. Analysis & Synthesis Summary
  3. Analysis & Synthesis Settings
  4. Parallel Compilation
  5. Analysis & Synthesis Source Files Read
  6. Analysis & Synthesis Resource Usage Summary
  7. Analysis & Synthesis Resource Utilization by Entity
  8. Analysis & Synthesis RAM Summary
  9. General Register Statistics
 10. Registers Packed Into Inferred Megafunctions
 11. Multiplexer Restructuring Statistics (Restructuring Performed)
 12. Source assignments for RAM:MEM|altsyncram:mem_rtl_0|altsyncram_65r1:auto_generated
 13. Parameter Settings for User Entity Instance: cpu:CPU|signExtended:Xtendimm5
 14. Parameter Settings for User Entity Instance: cpu:CPU|signExtended:Xtendimm8
 15. Parameter Settings for User Entity Instance: cpu:CPU|vDFFE:instructionReg
 16. Parameter Settings for User Entity Instance: cpu:CPU|mux31:muxintoregister
 17. Parameter Settings for User Entity Instance: cpu:CPU|FSM:statemachine|vDFF:STATE
 18. Parameter Settings for User Entity Instance: cpu:CPU|datapath:DP|mux41:muxintoregister
 19. Parameter Settings for User Entity Instance: cpu:CPU|datapath:DP|regfile:REGFILE|dec:decodetoregister
 20. Parameter Settings for User Entity Instance: cpu:CPU|datapath:DP|regfile:REGFILE|vDFFE:toR0
 21. Parameter Settings for User Entity Instance: cpu:CPU|datapath:DP|regfile:REGFILE|vDFFE:toR1
 22. Parameter Settings for User Entity Instance: cpu:CPU|datapath:DP|regfile:REGFILE|vDFFE:toR2
 23. Parameter Settings for User Entity Instance: cpu:CPU|datapath:DP|regfile:REGFILE|vDFFE:toR3
 24. Parameter Settings for User Entity Instance: cpu:CPU|datapath:DP|regfile:REGFILE|vDFFE:toR4
 25. Parameter Settings for User Entity Instance: cpu:CPU|datapath:DP|regfile:REGFILE|vDFFE:toR5
 26. Parameter Settings for User Entity Instance: cpu:CPU|datapath:DP|regfile:REGFILE|vDFFE:toR6
 27. Parameter Settings for User Entity Instance: cpu:CPU|datapath:DP|regfile:REGFILE|vDFFE:toR7
 28. Parameter Settings for User Entity Instance: cpu:CPU|datapath:DP|regfile:REGFILE|dec:decodetomux
 29. Parameter Settings for User Entity Instance: cpu:CPU|datapath:DP|vDFFE:aRegister
 30. Parameter Settings for User Entity Instance: cpu:CPU|datapath:DP|vDFFE:bRegister
 31. Parameter Settings for User Entity Instance: cpu:CPU|datapath:DP|signExtended:XtendB
 32. Parameter Settings for User Entity Instance: cpu:CPU|datapath:DP|alu:CMP|AddSub:ADDER1
 33. Parameter Settings for User Entity Instance: cpu:CPU|datapath:DP|alu:CMP|AddSub:ADDER1|Adder1:ai
 34. Parameter Settings for User Entity Instance: cpu:CPU|datapath:DP|alu:CMP|AddSub:ADDER1|Adder1:as
 35. Parameter Settings for User Entity Instance: cpu:CPU|datapath:DP|vDFFE:cRegister
 36. Parameter Settings for User Entity Instance: cpu:CPU|datapath:DP|vDFFE:stat
 37. Parameter Settings for User Entity Instance: cpu:CPU|vDFFE:PCReg
 38. Parameter Settings for User Entity Instance: cpu:CPU|vDFFE:DataAddress
 39. Parameter Settings for User Entity Instance: RAM:MEM
 40. Parameter Settings for User Entity Instance: vDFFE:ledREG
 41. Parameter Settings for Inferred Entity Instance: RAM:MEM|altsyncram:mem_rtl_0
 42. altsyncram Parameter Settings by Entity Instance
 43. Port Connectivity Checks: "cpu:CPU|datapath:DP|alu:CMP|AddSub:ADDER1"
 44. Port Connectivity Checks: "cpu:CPU|datapath:DP|mux41:muxintoregister"
 45. Port Connectivity Checks: "cpu:CPU"
 46. Post-Synthesis Netlist Statistics for Top Partition
 47. Elapsed Time Per Partition
 48. Analysis & Synthesis Messages
 49. Analysis & Synthesis Suppressed Messages



----------------
; Legal Notice ;
----------------
Copyright (C) 1991-2014 Altera Corporation. All rights reserved.
Your use of Altera Corporation's design tools, logic functions 
and other software and tools, and its AMPP partner logic 
functions, and any output files from any of the foregoing 
(including device programming or simulation files), and any 
associated documentation or information are expressly subject 
to the terms and conditions of the Altera Program License 
Subscription Agreement, the Altera Quartus II License Agreement,
the Altera MegaCore Function License Agreement, or other 
applicable license agreement, including, without limitation, 
that your use is for the sole purpose of programming logic 
devices manufactured by Altera and sold by Altera or its 
authorized distributors.  Please refer to the applicable 
agreement for further details.



+------------------------------------------------------------------------------+
; Analysis & Synthesis Summary                                                 ;
+---------------------------------+--------------------------------------------+
; Analysis & Synthesis Status     ; Successful - Sat Jan 12 23:32:08 2019      ;
; Quartus II 64-Bit Version       ; 14.1.0 Build 186 12/03/2014 SJ Web Edition ;
; Revision Name                   ; lab7_top                                   ;
; Top-level Entity Name           ; lab7_top                                   ;
; Family                          ; Cyclone V                                  ;
; Logic utilization (in ALMs)     ; N/A                                        ;
; Total registers                 ; 223                                        ;
; Total pins                      ; 67                                         ;
; Total virtual pins              ; 0                                          ;
; Total block memory bits         ; 4,096                                      ;
; Total DSP Blocks                ; 0                                          ;
; Total HSSI RX PCSs              ; 0                                          ;
; Total HSSI PMA RX Deserializers ; 0                                          ;
; Total HSSI TX PCSs              ; 0                                          ;
; Total HSSI PMA TX Serializers   ; 0                                          ;
; Total PLLs                      ; 0                                          ;
; Total DLLs                      ; 0                                          ;
+---------------------------------+--------------------------------------------+


+---------------------------------------------------------------------------------------------------------------------------+
; Analysis & Synthesis Settings                                                                                             ;
+---------------------------------------------------------------------------------+--------------------+--------------------+
; Option                                                                          ; Setting            ; Default Value      ;
+---------------------------------------------------------------------------------+--------------------+--------------------+
; Device                                                                          ; 5CSEMA5F31C6       ;                    ;
; Top-level entity name                                                           ; lab7_top           ; lab7_top           ;
; Family name                                                                     ; Cyclone V          ; Cyclone IV GX      ;
; Use smart compilation                                                           ; Off                ; Off                ;
; Enable parallel Assembler and TimeQuest Timing Analyzer during compilation      ; On                 ; On                 ;
; Enable compact report table                                                     ; Off                ; Off                ;
; Restructure Multiplexers                                                        ; Auto               ; Auto               ;
; MLAB Add Timing Constraints For Mixed-Port Feed-Through Mode Setting Don't Care ; Off                ; Off                ;
; Create Debugging Nodes for IP Cores                                             ; Off                ; Off                ;
; Preserve fewer node names                                                       ; On                 ; On                 ;
; Disable OpenCore Plus hardware evaluation                                       ; Off                ; Off                ;
; Verilog Version                                                                 ; Verilog_2001       ; Verilog_2001       ;
; VHDL Version                                                                    ; VHDL_1993          ; VHDL_1993          ;
; State Machine Processing                                                        ; Auto               ; Auto               ;
; Safe State Machine                                                              ; Off                ; Off                ;
; Extract Verilog State Machines                                                  ; On                 ; On                 ;
; Extract VHDL State Machines                                                     ; On                 ; On                 ;
; Ignore Verilog initial constructs                                               ; Off                ; Off                ;
; Iteration limit for constant Verilog loops                                      ; 5000               ; 5000               ;
; Iteration limit for non-constant Verilog loops                                  ; 250                ; 250                ;
; Add Pass-Through Logic to Inferred RAMs                                         ; On                 ; On                 ;
; Infer RAMs from Raw Logic                                                       ; On                 ; On                 ;
; Parallel Synthesis                                                              ; On                 ; On                 ;
; DSP Block Balancing                                                             ; Auto               ; Auto               ;
; NOT Gate Push-Back                                                              ; On                 ; On                 ;
; Power-Up Don't Care                                                             ; On                 ; On                 ;
; Remove Redundant Logic Cells                                                    ; Off                ; Off                ;
; Remove Duplicate Registers                                                      ; On                 ; On                 ;
; Ignore CARRY Buffers                                                            ; Off                ; Off                ;
; Ignore CASCADE Buffers                                                          ; Off                ; Off                ;
; Ignore GLOBAL Buffers                                                           ; Off                ; Off                ;
; Ignore ROW GLOBAL Buffers                                                       ; Off                ; Off                ;
; Ignore LCELL Buffers                                                            ; Off                ; Off                ;
; Ignore SOFT Buffers                                                             ; On                 ; On                 ;
; Limit AHDL Integers to 32 Bits                                                  ; Off                ; Off                ;
; Optimization Technique                                                          ; Balanced           ; Balanced           ;
; Carry Chain Length                                                              ; 70                 ; 70                 ;
; Auto Carry Chains                                                               ; On                 ; On                 ;
; Auto Open-Drain Pins                                                            ; On                 ; On                 ;
; Perform WYSIWYG Primitive Resynthesis                                           ; Off                ; Off                ;
; Auto ROM Replacement                                                            ; On                 ; On                 ;
; Auto RAM Replacement                                                            ; On                 ; On                 ;
; Auto DSP Block Replacement                                                      ; On                 ; On                 ;
; Auto Shift Register Replacement                                                 ; Auto               ; Auto               ;
; Allow Shift Register Merging across Hierarchies                                 ; Auto               ; Auto               ;
; Auto Clock Enable Replacement                                                   ; On                 ; On                 ;
; Strict RAM Replacement                                                          ; Off                ; Off                ;
; Allow Synchronous Control Signals                                               ; On                 ; On                 ;
; Force Use of Synchronous Clear Signals                                          ; Off                ; Off                ;
; Auto Resource Sharing                                                           ; Off                ; Off                ;
; Allow Any RAM Size For Recognition                                              ; Off                ; Off                ;
; Allow Any ROM Size For Recognition                                              ; Off                ; Off                ;
; Allow Any Shift Register Size For Recognition                                   ; Off                ; Off                ;
; Use LogicLock Constraints during Resource Balancing                             ; On                 ; On                 ;
; Ignore translate_off and synthesis_off directives                               ; Off                ; Off                ;
; Timing-Driven Synthesis                                                         ; On                 ; On                 ;
; Report Parameter Settings                                                       ; On                 ; On                 ;
; Report Source Assignments                                                       ; On                 ; On                 ;
; Report Connectivity Checks                                                      ; On                 ; On                 ;
; Ignore Maximum Fan-Out Assignments                                              ; Off                ; Off                ;
; Synchronization Register Chain Length                                           ; 3                  ; 3                  ;
; PowerPlay Power Optimization During Synthesis                                   ; Normal compilation ; Normal compilation ;
; HDL message level                                                               ; Level2             ; Level2             ;
; Suppress Register Optimization Related Messages                                 ; Off                ; Off                ;
; Number of Removed Registers Reported in Synthesis Report                        ; 5000               ; 5000               ;
; Number of Swept Nodes Reported in Synthesis Report                              ; 5000               ; 5000               ;
; Number of Inverted Registers Reported in Synthesis Report                       ; 100                ; 100                ;
; Clock MUX Protection                                                            ; On                 ; On                 ;
; Auto Gated Clock Conversion                                                     ; Off                ; Off                ;
; Block Design Naming                                                             ; Auto               ; Auto               ;
; SDC constraint protection                                                       ; Off                ; Off                ;
; Synthesis Effort                                                                ; Auto               ; Auto               ;
; Shift Register Replacement - Allow Asynchronous Clear Signal                    ; On                 ; On                 ;
; Pre-Mapping Resynthesis Optimization                                            ; Off                ; Off                ;
; Analysis & Synthesis Message Level                                              ; Medium             ; Medium             ;
; Disable Register Merging Across Hierarchies                                     ; Auto               ; Auto               ;
; Resource Aware Inference For Block RAM                                          ; On                 ; On                 ;
; Synthesis Seed                                                                  ; 1                  ; 1                  ;
; Automatic Parallel Synthesis                                                    ; On                 ; On                 ;
; Partial Reconfiguration Bitstream ID                                            ; Off                ; Off                ;
+---------------------------------------------------------------------------------+--------------------+--------------------+


+------------------------------------------+
; Parallel Compilation                     ;
+----------------------------+-------------+
; Processors                 ; Number      ;
+----------------------------+-------------+
; Number detected on machine ; 12          ;
; Maximum allowed            ; 12          ;
;                            ;             ;
; Average used               ; 1.00        ;
; Maximum used               ; 2           ;
;                            ;             ;
; Usage by Processor         ; % Time Used ;
;     Processor 1            ; 100.0%      ;
;     Processor 2            ; < 0.1%      ;
;     Processors 3-12        ;   0.0%      ;
+----------------------------+-------------+


+-----------------------------------------------------------------------------------------------------------------------------------------------------------------------------------------------------------+
; Analysis & Synthesis Source Files Read                                                                                                                                                                    ;
+------------------------------------+-----------------+-------------------------------------------------------+----------------------------------------------------------------------------------+---------+
; File Name with User-Entered Path   ; Used in Netlist ; File Type                                             ; File Name with Absolute Path                                                     ; Library ;
+------------------------------------+-----------------+-------------------------------------------------------+----------------------------------------------------------------------------------+---------+
; shifter.v                          ; yes             ; User Verilog HDL File                                 ; E:/Google Drive/1st term/1-CPEN 211/lab7/lab7/shifter.v                          ;         ;
; regfile.v                          ; yes             ; User Verilog HDL File                                 ; E:/Google Drive/1st term/1-CPEN 211/lab7/lab7/regfile.v                          ;         ;
; lab7_top.v                         ; yes             ; User Verilog HDL File                                 ; E:/Google Drive/1st term/1-CPEN 211/lab7/lab7/lab7_top.v                         ;         ;
; datapath.v                         ; yes             ; User Verilog HDL File                                 ; E:/Google Drive/1st term/1-CPEN 211/lab7/lab7/datapath.v                         ;         ;
; cpu.v                              ; yes             ; User Verilog HDL File                                 ; E:/Google Drive/1st term/1-CPEN 211/lab7/lab7/cpu.v                              ;         ;
; alu.v                              ; yes             ; User Verilog HDL File                                 ; E:/Google Drive/1st term/1-CPEN 211/lab7/lab7/alu.v                              ;         ;
; altsyncram.tdf                     ; yes             ; Megafunction                                          ; c:/altera/14.1/quartus/libraries/megafunctions/altsyncram.tdf                    ;         ;
; stratix_ram_block.inc              ; yes             ; Megafunction                                          ; c:/altera/14.1/quartus/libraries/megafunctions/stratix_ram_block.inc             ;         ;
; lpm_mux.inc                        ; yes             ; Megafunction                                          ; c:/altera/14.1/quartus/libraries/megafunctions/lpm_mux.inc                       ;         ;
; lpm_decode.inc                     ; yes             ; Megafunction                                          ; c:/altera/14.1/quartus/libraries/megafunctions/lpm_decode.inc                    ;         ;
; aglobal141.inc                     ; yes             ; Megafunction                                          ; c:/altera/14.1/quartus/libraries/megafunctions/aglobal141.inc                    ;         ;
; a_rdenreg.inc                      ; yes             ; Megafunction                                          ; c:/altera/14.1/quartus/libraries/megafunctions/a_rdenreg.inc                     ;         ;
; altrom.inc                         ; yes             ; Megafunction                                          ; c:/altera/14.1/quartus/libraries/megafunctions/altrom.inc                        ;         ;
; altram.inc                         ; yes             ; Megafunction                                          ; c:/altera/14.1/quartus/libraries/megafunctions/altram.inc                        ;         ;
; altdpram.inc                       ; yes             ; Megafunction                                          ; c:/altera/14.1/quartus/libraries/megafunctions/altdpram.inc                      ;         ;
; db/altsyncram_65r1.tdf             ; yes             ; Auto-Generated Megafunction                           ; E:/Google Drive/1st term/1-CPEN 211/lab7/lab7/db/altsyncram_65r1.tdf             ;         ;
; db/lab7_top.ram0_RAM_15119.hdl.mif ; yes             ; Auto-Generated Auto-Found Memory Initialization File  ; E:/Google Drive/1st term/1-CPEN 211/lab7/lab7/db/lab7_top.ram0_RAM_15119.hdl.mif ;         ;
+------------------------------------+-----------------+-------------------------------------------------------+----------------------------------------------------------------------------------+---------+


+--------------------------------------------------------------+
; Analysis & Synthesis Resource Usage Summary                  ;
+---------------------------------------------+----------------+
; Resource                                    ; Usage          ;
+---------------------------------------------+----------------+
; Estimate of Logic utilization (ALMs needed) ; 216            ;
;                                             ;                ;
; Combinational ALUT usage for logic          ; 318            ;
;     -- 7 input functions                    ; 0              ;
;     -- 6 input functions                    ; 97             ;
;     -- 5 input functions                    ; 92             ;
;     -- 4 input functions                    ; 45             ;
;     -- <=3 input functions                  ; 84             ;
;                                             ;                ;
; Dedicated logic registers                   ; 223            ;
;                                             ;                ;
; I/O pins                                    ; 67             ;
; Total MLAB memory bits                      ; 0              ;
; Total block memory bits                     ; 4096           ;
;                                             ;                ;
; Total DSP Blocks                            ; 0              ;
;                                             ;                ;
; Maximum fan-out node                        ; CLOCK_50~input ;
; Maximum fan-out                             ; 239            ;
; Total fan-out                               ; 2420           ;
; Average fan-out                             ; 3.50           ;
+---------------------------------------------+----------------+


+----------------------------------------------------------------------------------------------------------------------------------------------------------------------------------------------------------------------------+
; Analysis & Synthesis Resource Utilization by Entity                                                                                                                                                                        ;
+-------------------------------------------+-------------------+--------------+-------------------+------------+------+--------------+-----------------------------------------------------------------------+--------------+
; Compilation Hierarchy Node                ; LC Combinationals ; LC Registers ; Block Memory Bits ; DSP Blocks ; Pins ; Virtual Pins ; Full Hierarchy Name                                                   ; Library Name ;
+-------------------------------------------+-------------------+--------------+-------------------+------------+------+--------------+-----------------------------------------------------------------------+--------------+
; |lab7_top                                 ; 318 (31)          ; 223 (0)      ; 4096              ; 0          ; 67   ; 0            ; |lab7_top                                                             ; work         ;
;    |RAM:MEM|                              ; 0 (0)             ; 0 (0)        ; 4096              ; 0          ; 0    ; 0            ; |lab7_top|RAM:MEM                                                     ; work         ;
;       |altsyncram:mem_rtl_0|              ; 0 (0)             ; 0 (0)        ; 4096              ; 0          ; 0    ; 0            ; |lab7_top|RAM:MEM|altsyncram:mem_rtl_0                                ; work         ;
;          |altsyncram_65r1:auto_generated| ; 0 (0)             ; 0 (0)        ; 4096              ; 0          ; 0    ; 0            ; |lab7_top|RAM:MEM|altsyncram:mem_rtl_0|altsyncram_65r1:auto_generated ; work         ;
;    |cpu:CPU|                              ; 287 (17)          ; 215 (0)      ; 0                 ; 0          ; 0    ; 0            ; |lab7_top|cpu:CPU                                                     ; work         ;
;       |FSM:statemachine|                  ; 105 (105)         ; 5 (0)        ; 0                 ; 0          ; 0    ; 0            ; |lab7_top|cpu:CPU|FSM:statemachine                                    ; work         ;
;          |vDFF:STATE|                     ; 0 (0)             ; 5 (5)        ; 0                 ; 0          ; 0    ; 0            ; |lab7_top|cpu:CPU|FSM:statemachine|vDFF:STATE                         ; work         ;
;       |datapath:DP|                       ; 162 (43)          ; 176 (0)      ; 0                 ; 0          ; 0    ; 0            ; |lab7_top|cpu:CPU|datapath:DP                                         ; work         ;
;          |alu:CMP|                        ; 33 (33)           ; 0 (0)        ; 0                 ; 0          ; 0    ; 0            ; |lab7_top|cpu:CPU|datapath:DP|alu:CMP                                 ; work         ;
;          |mux41:muxintoregister|          ; 26 (26)           ; 0 (0)        ; 0                 ; 0          ; 0    ; 0            ; |lab7_top|cpu:CPU|datapath:DP|mux41:muxintoregister                   ; work         ;
;          |regfile:REGFILE|                ; 60 (8)            ; 128 (0)      ; 0                 ; 0          ; 0    ; 0            ; |lab7_top|cpu:CPU|datapath:DP|regfile:REGFILE                         ; work         ;
;             |dec:decodetomux|             ; 1 (1)             ; 0 (0)        ; 0                 ; 0          ; 0    ; 0            ; |lab7_top|cpu:CPU|datapath:DP|regfile:REGFILE|dec:decodetomux         ; work         ;
;             |mux2:chooser|                ; 51 (51)           ; 0 (0)        ; 0                 ; 0          ; 0    ; 0            ; |lab7_top|cpu:CPU|datapath:DP|regfile:REGFILE|mux2:chooser            ; work         ;
;             |vDFFE:toR0|                  ; 0 (0)             ; 16 (16)      ; 0                 ; 0          ; 0    ; 0            ; |lab7_top|cpu:CPU|datapath:DP|regfile:REGFILE|vDFFE:toR0              ; work         ;
;             |vDFFE:toR1|                  ; 0 (0)             ; 16 (16)      ; 0                 ; 0          ; 0    ; 0            ; |lab7_top|cpu:CPU|datapath:DP|regfile:REGFILE|vDFFE:toR1              ; work         ;
;             |vDFFE:toR2|                  ; 0 (0)             ; 16 (16)      ; 0                 ; 0          ; 0    ; 0            ; |lab7_top|cpu:CPU|datapath:DP|regfile:REGFILE|vDFFE:toR2              ; work         ;
;             |vDFFE:toR3|                  ; 0 (0)             ; 16 (16)      ; 0                 ; 0          ; 0    ; 0            ; |lab7_top|cpu:CPU|datapath:DP|regfile:REGFILE|vDFFE:toR3              ; work         ;
;             |vDFFE:toR4|                  ; 0 (0)             ; 16 (16)      ; 0                 ; 0          ; 0    ; 0            ; |lab7_top|cpu:CPU|datapath:DP|regfile:REGFILE|vDFFE:toR4              ; work         ;
;             |vDFFE:toR5|                  ; 0 (0)             ; 16 (16)      ; 0                 ; 0          ; 0    ; 0            ; |lab7_top|cpu:CPU|datapath:DP|regfile:REGFILE|vDFFE:toR5              ; work         ;
;             |vDFFE:toR6|                  ; 0 (0)             ; 16 (16)      ; 0                 ; 0          ; 0    ; 0            ; |lab7_top|cpu:CPU|datapath:DP|regfile:REGFILE|vDFFE:toR6              ; work         ;
;             |vDFFE:toR7|                  ; 0 (0)             ; 16 (16)      ; 0                 ; 0          ; 0    ; 0            ; |lab7_top|cpu:CPU|datapath:DP|regfile:REGFILE|vDFFE:toR7              ; work         ;
;          |vDFFE:aRegister|                ; 0 (0)             ; 16 (16)      ; 0                 ; 0          ; 0    ; 0            ; |lab7_top|cpu:CPU|datapath:DP|vDFFE:aRegister                         ; work         ;
;          |vDFFE:bRegister|                ; 0 (0)             ; 16 (16)      ; 0                 ; 0          ; 0    ; 0            ; |lab7_top|cpu:CPU|datapath:DP|vDFFE:bRegister                         ; work         ;
;          |vDFFE:cRegister|                ; 0 (0)             ; 16 (16)      ; 0                 ; 0          ; 0    ; 0            ; |lab7_top|cpu:CPU|datapath:DP|vDFFE:cRegister                         ; work         ;
;       |mux31:muxintoregister|             ; 3 (3)             ; 0 (0)        ; 0                 ; 0          ; 0    ; 0            ; |lab7_top|cpu:CPU|mux31:muxintoregister                               ; work         ;
;       |vDFFE:DataAddress|                 ; 0 (0)             ; 9 (9)        ; 0                 ; 0          ; 0    ; 0            ; |lab7_top|cpu:CPU|vDFFE:DataAddress                                   ; work         ;
;       |vDFFE:PCReg|                       ; 0 (0)             ; 9 (9)        ; 0                 ; 0          ; 0    ; 0            ; |lab7_top|cpu:CPU|vDFFE:PCReg                                         ; work         ;
;       |vDFFE:instructionReg|              ; 0 (0)             ; 16 (16)      ; 0                 ; 0          ; 0    ; 0            ; |lab7_top|cpu:CPU|vDFFE:instructionReg                                ; work         ;
;    |vDFFE:ledREG|                         ; 0 (0)             ; 8 (8)        ; 0                 ; 0          ; 0    ; 0            ; |lab7_top|vDFFE:ledREG                                                ; work         ;
+-------------------------------------------+-------------------+--------------+-------------------+------------+------+--------------+-----------------------------------------------------------------------+--------------+
Note: For table entries with two numbers listed, the numbers in parentheses indicate the number of resources of the given type used by the specific entity alone. The numbers listed outside of parentheses indicate the total resources of the given type used by the specific entity and all of its sub-entities in the hierarchy.


+----------------------------------------------------------------------------------------------------------------------------------------------------------------------------------------------------------+
; Analysis & Synthesis RAM Summary                                                                                                                                                                         ;
+------------------------------------------------------------------------+------+------------------+--------------+--------------+--------------+--------------+------+------------------------------------+
; Name                                                                   ; Type ; Mode             ; Port A Depth ; Port A Width ; Port B Depth ; Port B Width ; Size ; MIF                                ;
+------------------------------------------------------------------------+------+------------------+--------------+--------------+--------------+--------------+------+------------------------------------+
; RAM:MEM|altsyncram:mem_rtl_0|altsyncram_65r1:auto_generated|ALTSYNCRAM ; AUTO ; Simple Dual Port ; 256          ; 16           ; 256          ; 16           ; 4096 ; db/lab7_top.ram0_RAM_15119.hdl.mif ;
+------------------------------------------------------------------------+------+------------------+--------------+--------------+--------------+--------------+------+------------------------------------+


+------------------------------------------------------+
; General Register Statistics                          ;
+----------------------------------------------+-------+
; Statistic                                    ; Value ;
+----------------------------------------------+-------+
; Total registers                              ; 223   ;
; Number of registers using Synchronous Clear  ; 9     ;
; Number of registers using Synchronous Load   ; 16    ;
; Number of registers using Asynchronous Clear ; 0     ;
; Number of registers using Asynchronous Load  ; 0     ;
; Number of registers using Clock Enable       ; 218   ;
; Number of registers using Preset             ; 0     ;
+----------------------------------------------+-------+


+------------------------------------------------+
; Registers Packed Into Inferred Megafunctions   ;
+---------------------+-------------------+------+
; Register Name       ; Megafunction      ; Type ;
+---------------------+-------------------+------+
; RAM:MEM|dout[0..15] ; RAM:MEM|mem_rtl_0 ; RAM  ;
+---------------------+-------------------+------+


+-------------------------------------------------------------------------------------------------------------------------------------------------------------------------------------+
; Multiplexer Restructuring Statistics (Restructuring Performed)                                                                                                                      ;
+--------------------+-----------+---------------+----------------------+------------------------+------------+-----------------------------------------------------------------------+
; Multiplexer Inputs ; Bus Width ; Baseline Area ; Area if Restructured ; Saving if Restructured ; Registered ; Example Multiplexer Output                                            ;
+--------------------+-----------+---------------+----------------------+------------------------+------------+-----------------------------------------------------------------------+
; 4:1                ; 16 bits   ; 32 LEs        ; 32 LEs               ; 0 LEs                  ; Yes        ; |lab7_top|cpu:CPU|datapath:DP|vDFFE:cRegister|out[4]                  ;
; 3:1                ; 3 bits    ; 6 LEs         ; 6 LEs                ; 0 LEs                  ; No         ; |lab7_top|cpu:CPU|mux31:muxintoregister|Mux1                          ;
; 4:1                ; 7 bits    ; 14 LEs        ; 14 LEs               ; 0 LEs                  ; No         ; |lab7_top|cpu:CPU|datapath:DP|mux41:muxintoregister|Mux0              ;
; 4:1                ; 9 bits    ; 18 LEs        ; 18 LEs               ; 0 LEs                  ; No         ; |lab7_top|cpu:CPU|datapath:DP|mux41:muxintoregister|Mux15             ;
; 5:1                ; 4 bits    ; 12 LEs        ; 8 LEs                ; 4 LEs                  ; No         ; |lab7_top|cpu:CPU|datapath:DP|Bin[1]                                  ;
; 5:1                ; 9 bits    ; 27 LEs        ; 18 LEs               ; 9 LEs                  ; No         ; |lab7_top|cpu:CPU|datapath:DP|Bin[12]                                 ;
; 8:1                ; 16 bits   ; 80 LEs        ; 80 LEs               ; 0 LEs                  ; No         ; |lab7_top|cpu:CPU|datapath:DP|regfile:REGFILE|mux2:chooser|Selector10 ;
+--------------------+-----------+---------------+----------------------+------------------------+------------+-----------------------------------------------------------------------+


+------------------------------------------------------------------------------------+
; Source assignments for RAM:MEM|altsyncram:mem_rtl_0|altsyncram_65r1:auto_generated ;
+---------------------------------+--------------------+------+----------------------+
; Assignment                      ; Value              ; From ; To                   ;
+---------------------------------+--------------------+------+----------------------+
; OPTIMIZE_POWER_DURING_SYNTHESIS ; NORMAL_COMPILATION ; -    ; -                    ;
+---------------------------------+--------------------+------+----------------------+


+-----------------------------------------------------------------------------+
; Parameter Settings for User Entity Instance: cpu:CPU|signExtended:Xtendimm5 ;
+----------------+-------+----------------------------------------------------+
; Parameter Name ; Value ; Type                                               ;
+----------------+-------+----------------------------------------------------+
; n              ; 5     ; Signed Integer                                     ;
; m              ; 16    ; Signed Integer                                     ;
; o              ; 11    ; Signed Integer                                     ;
+----------------+-------+----------------------------------------------------+
Note: In order to hide this table in the UI and the text report file, please set the "Show Parameter Settings in Synthesis Report" option in "Analysis and Synthesis Settings -> More Settings" to "Off".


+-----------------------------------------------------------------------------+
; Parameter Settings for User Entity Instance: cpu:CPU|signExtended:Xtendimm8 ;
+----------------+-------+----------------------------------------------------+
; Parameter Name ; Value ; Type                                               ;
+----------------+-------+----------------------------------------------------+
; n              ; 8     ; Signed Integer                                     ;
; m              ; 16    ; Signed Integer                                     ;
; o              ; 8     ; Signed Integer                                     ;
+----------------+-------+----------------------------------------------------+
Note: In order to hide this table in the UI and the text report file, please set the "Show Parameter Settings in Synthesis Report" option in "Analysis and Synthesis Settings -> More Settings" to "Off".


+---------------------------------------------------------------------------+
; Parameter Settings for User Entity Instance: cpu:CPU|vDFFE:instructionReg ;
+----------------+-------+--------------------------------------------------+
; Parameter Name ; Value ; Type                                             ;
+----------------+-------+--------------------------------------------------+
; n              ; 16    ; Signed Integer                                   ;
+----------------+-------+--------------------------------------------------+
Note: In order to hide this table in the UI and the text report file, please set the "Show Parameter Settings in Synthesis Report" option in "Analysis and Synthesis Settings -> More Settings" to "Off".


+----------------------------------------------------------------------------+
; Parameter Settings for User Entity Instance: cpu:CPU|mux31:muxintoregister ;
+----------------+-------+---------------------------------------------------+
; Parameter Name ; Value ; Type                                              ;
+----------------+-------+---------------------------------------------------+
; n              ; 3     ; Signed Integer                                    ;
+----------------+-------+---------------------------------------------------+
Note: In order to hide this table in the UI and the text report file, please set the "Show Parameter Settings in Synthesis Report" option in "Analysis and Synthesis Settings -> More Settings" to "Off".


+----------------------------------------------------------------------------------+
; Parameter Settings for User Entity Instance: cpu:CPU|FSM:statemachine|vDFF:STATE ;
+----------------+-------+---------------------------------------------------------+
; Parameter Name ; Value ; Type                                                    ;
+----------------+-------+---------------------------------------------------------+
; n              ; 5     ; Signed Integer                                          ;
; m              ; 8     ; Signed Integer                                          ;
+----------------+-------+---------------------------------------------------------+
Note: In order to hide this table in the UI and the text report file, please set the "Show Parameter Settings in Synthesis Report" option in "Analysis and Synthesis Settings -> More Settings" to "Off".


+----------------------------------------------------------------------------------------+
; Parameter Settings for User Entity Instance: cpu:CPU|datapath:DP|mux41:muxintoregister ;
+----------------+-------+---------------------------------------------------------------+
; Parameter Name ; Value ; Type                                                          ;
+----------------+-------+---------------------------------------------------------------+
; n              ; 16    ; Signed Integer                                                ;
+----------------+-------+---------------------------------------------------------------+
Note: In order to hide this table in the UI and the text report file, please set the "Show Parameter Settings in Synthesis Report" option in "Analysis and Synthesis Settings -> More Settings" to "Off".


+-------------------------------------------------------------------------------------------------------+
; Parameter Settings for User Entity Instance: cpu:CPU|datapath:DP|regfile:REGFILE|dec:decodetoregister ;
+----------------+-------+------------------------------------------------------------------------------+
; Parameter Name ; Value ; Type                                                                         ;
+----------------+-------+------------------------------------------------------------------------------+
; n              ; 3     ; Signed Integer                                                               ;
; m              ; 8     ; Signed Integer                                                               ;
+----------------+-------+------------------------------------------------------------------------------+
Note: In order to hide this table in the UI and the text report file, please set the "Show Parameter Settings in Synthesis Report" option in "Analysis and Synthesis Settings -> More Settings" to "Off".


+---------------------------------------------------------------------------------------------+
; Parameter Settings for User Entity Instance: cpu:CPU|datapath:DP|regfile:REGFILE|vDFFE:toR0 ;
+----------------+-------+--------------------------------------------------------------------+
; Parameter Name ; Value ; Type                                                               ;
+----------------+-------+--------------------------------------------------------------------+
; n              ; 16    ; Signed Integer                                                     ;
+----------------+-------+--------------------------------------------------------------------+
Note: In order to hide this table in the UI and the text report file, please set the "Show Parameter Settings in Synthesis Report" option in "Analysis and Synthesis Settings -> More Settings" to "Off".


+---------------------------------------------------------------------------------------------+
; Parameter Settings for User Entity Instance: cpu:CPU|datapath:DP|regfile:REGFILE|vDFFE:toR1 ;
+----------------+-------+--------------------------------------------------------------------+
; Parameter Name ; Value ; Type                                                               ;
+----------------+-------+--------------------------------------------------------------------+
; n              ; 16    ; Signed Integer                                                     ;
+----------------+-------+--------------------------------------------------------------------+
Note: In order to hide this table in the UI and the text report file, please set the "Show Parameter Settings in Synthesis Report" option in "Analysis and Synthesis Settings -> More Settings" to "Off".


+---------------------------------------------------------------------------------------------+
; Parameter Settings for User Entity Instance: cpu:CPU|datapath:DP|regfile:REGFILE|vDFFE:toR2 ;
+----------------+-------+--------------------------------------------------------------------+
; Parameter Name ; Value ; Type                                                               ;
+----------------+-------+--------------------------------------------------------------------+
; n              ; 16    ; Signed Integer                                                     ;
+----------------+-------+--------------------------------------------------------------------+
Note: In order to hide this table in the UI and the text report file, please set the "Show Parameter Settings in Synthesis Report" option in "Analysis and Synthesis Settings -> More Settings" to "Off".


+---------------------------------------------------------------------------------------------+
; Parameter Settings for User Entity Instance: cpu:CPU|datapath:DP|regfile:REGFILE|vDFFE:toR3 ;
+----------------+-------+--------------------------------------------------------------------+
; Parameter Name ; Value ; Type                                                               ;
+----------------+-------+--------------------------------------------------------------------+
; n              ; 16    ; Signed Integer                                                     ;
+----------------+-------+--------------------------------------------------------------------+
Note: In order to hide this table in the UI and the text report file, please set the "Show Parameter Settings in Synthesis Report" option in "Analysis and Synthesis Settings -> More Settings" to "Off".


+---------------------------------------------------------------------------------------------+
; Parameter Settings for User Entity Instance: cpu:CPU|datapath:DP|regfile:REGFILE|vDFFE:toR4 ;
+----------------+-------+--------------------------------------------------------------------+
; Parameter Name ; Value ; Type                                                               ;
+----------------+-------+--------------------------------------------------------------------+
; n              ; 16    ; Signed Integer                                                     ;
+----------------+-------+--------------------------------------------------------------------+
Note: In order to hide this table in the UI and the text report file, please set the "Show Parameter Settings in Synthesis Report" option in "Analysis and Synthesis Settings -> More Settings" to "Off".


+---------------------------------------------------------------------------------------------+
; Parameter Settings for User Entity Instance: cpu:CPU|datapath:DP|regfile:REGFILE|vDFFE:toR5 ;
+----------------+-------+--------------------------------------------------------------------+
; Parameter Name ; Value ; Type                                                               ;
+----------------+-------+--------------------------------------------------------------------+
; n              ; 16    ; Signed Integer                                                     ;
+----------------+-------+--------------------------------------------------------------------+
Note: In order to hide this table in the UI and the text report file, please set the "Show Parameter Settings in Synthesis Report" option in "Analysis and Synthesis Settings -> More Settings" to "Off".


+---------------------------------------------------------------------------------------------+
; Parameter Settings for User Entity Instance: cpu:CPU|datapath:DP|regfile:REGFILE|vDFFE:toR6 ;
+----------------+-------+--------------------------------------------------------------------+
; Parameter Name ; Value ; Type                                                               ;
+----------------+-------+--------------------------------------------------------------------+
; n              ; 16    ; Signed Integer                                                     ;
+----------------+-------+--------------------------------------------------------------------+
Note: In order to hide this table in the UI and the text report file, please set the "Show Parameter Settings in Synthesis Report" option in "Analysis and Synthesis Settings -> More Settings" to "Off".


+---------------------------------------------------------------------------------------------+
; Parameter Settings for User Entity Instance: cpu:CPU|datapath:DP|regfile:REGFILE|vDFFE:toR7 ;
+----------------+-------+--------------------------------------------------------------------+
; Parameter Name ; Value ; Type                                                               ;
+----------------+-------+--------------------------------------------------------------------+
; n              ; 16    ; Signed Integer                                                     ;
+----------------+-------+--------------------------------------------------------------------+
Note: In order to hide this table in the UI and the text report file, please set the "Show Parameter Settings in Synthesis Report" option in "Analysis and Synthesis Settings -> More Settings" to "Off".


+--------------------------------------------------------------------------------------------------+
; Parameter Settings for User Entity Instance: cpu:CPU|datapath:DP|regfile:REGFILE|dec:decodetomux ;
+----------------+-------+-------------------------------------------------------------------------+
; Parameter Name ; Value ; Type                                                                    ;
+----------------+-------+-------------------------------------------------------------------------+
; n              ; 3     ; Signed Integer                                                          ;
; m              ; 8     ; Signed Integer                                                          ;
+----------------+-------+-------------------------------------------------------------------------+
Note: In order to hide this table in the UI and the text report file, please set the "Show Parameter Settings in Synthesis Report" option in "Analysis and Synthesis Settings -> More Settings" to "Off".


+----------------------------------------------------------------------------------+
; Parameter Settings for User Entity Instance: cpu:CPU|datapath:DP|vDFFE:aRegister ;
+----------------+-------+---------------------------------------------------------+
; Parameter Name ; Value ; Type                                                    ;
+----------------+-------+---------------------------------------------------------+
; n              ; 16    ; Signed Integer                                          ;
+----------------+-------+---------------------------------------------------------+
Note: In order to hide this table in the UI and the text report file, please set the "Show Parameter Settings in Synthesis Report" option in "Analysis and Synthesis Settings -> More Settings" to "Off".


+----------------------------------------------------------------------------------+
; Parameter Settings for User Entity Instance: cpu:CPU|datapath:DP|vDFFE:bRegister ;
+----------------+-------+---------------------------------------------------------+
; Parameter Name ; Value ; Type                                                    ;
+----------------+-------+---------------------------------------------------------+
; n              ; 16    ; Signed Integer                                          ;
+----------------+-------+---------------------------------------------------------+
Note: In order to hide this table in the UI and the text report file, please set the "Show Parameter Settings in Synthesis Report" option in "Analysis and Synthesis Settings -> More Settings" to "Off".


+--------------------------------------------------------------------------------------+
; Parameter Settings for User Entity Instance: cpu:CPU|datapath:DP|signExtended:XtendB ;
+----------------+-------+-------------------------------------------------------------+
; Parameter Name ; Value ; Type                                                        ;
+----------------+-------+-------------------------------------------------------------+
; n              ; 5     ; Signed Integer                                              ;
; m              ; 16    ; Signed Integer                                              ;
; o              ; 11    ; Signed Integer                                              ;
+----------------+-------+-------------------------------------------------------------+
Note: In order to hide this table in the UI and the text report file, please set the "Show Parameter Settings in Synthesis Report" option in "Analysis and Synthesis Settings -> More Settings" to "Off".


+----------------------------------------------------------------------------------------+
; Parameter Settings for User Entity Instance: cpu:CPU|datapath:DP|alu:CMP|AddSub:ADDER1 ;
+----------------+-------+---------------------------------------------------------------+
; Parameter Name ; Value ; Type                                                          ;
+----------------+-------+---------------------------------------------------------------+
; n              ; 8     ; Signed Integer                                                ;
+----------------+-------+---------------------------------------------------------------+
Note: In order to hide this table in the UI and the text report file, please set the "Show Parameter Settings in Synthesis Report" option in "Analysis and Synthesis Settings -> More Settings" to "Off".


+--------------------------------------------------------------------------------------------------+
; Parameter Settings for User Entity Instance: cpu:CPU|datapath:DP|alu:CMP|AddSub:ADDER1|Adder1:ai ;
+----------------+-------+-------------------------------------------------------------------------+
; Parameter Name ; Value ; Type                                                                    ;
+----------------+-------+-------------------------------------------------------------------------+
; n              ; 7     ; Signed Integer                                                          ;
+----------------+-------+-------------------------------------------------------------------------+
Note: In order to hide this table in the UI and the text report file, please set the "Show Parameter Settings in Synthesis Report" option in "Analysis and Synthesis Settings -> More Settings" to "Off".


+--------------------------------------------------------------------------------------------------+
; Parameter Settings for User Entity Instance: cpu:CPU|datapath:DP|alu:CMP|AddSub:ADDER1|Adder1:as ;
+----------------+-------+-------------------------------------------------------------------------+
; Parameter Name ; Value ; Type                                                                    ;
+----------------+-------+-------------------------------------------------------------------------+
; n              ; 1     ; Signed Integer                                                          ;
+----------------+-------+-------------------------------------------------------------------------+
Note: In order to hide this table in the UI and the text report file, please set the "Show Parameter Settings in Synthesis Report" option in "Analysis and Synthesis Settings -> More Settings" to "Off".


+----------------------------------------------------------------------------------+
; Parameter Settings for User Entity Instance: cpu:CPU|datapath:DP|vDFFE:cRegister ;
+----------------+-------+---------------------------------------------------------+
; Parameter Name ; Value ; Type                                                    ;
+----------------+-------+---------------------------------------------------------+
; n              ; 16    ; Signed Integer                                          ;
+----------------+-------+---------------------------------------------------------+
Note: In order to hide this table in the UI and the text report file, please set the "Show Parameter Settings in Synthesis Report" option in "Analysis and Synthesis Settings -> More Settings" to "Off".


+-----------------------------------------------------------------------------+
; Parameter Settings for User Entity Instance: cpu:CPU|datapath:DP|vDFFE:stat ;
+----------------+-------+----------------------------------------------------+
; Parameter Name ; Value ; Type                                               ;
+----------------+-------+----------------------------------------------------+
; n              ; 3     ; Signed Integer                                     ;
+----------------+-------+----------------------------------------------------+
Note: In order to hide this table in the UI and the text report file, please set the "Show Parameter Settings in Synthesis Report" option in "Analysis and Synthesis Settings -> More Settings" to "Off".


+------------------------------------------------------------------+
; Parameter Settings for User Entity Instance: cpu:CPU|vDFFE:PCReg ;
+----------------+-------+-----------------------------------------+
; Parameter Name ; Value ; Type                                    ;
+----------------+-------+-----------------------------------------+
; n              ; 9     ; Signed Integer                          ;
+----------------+-------+-----------------------------------------+
Note: In order to hide this table in the UI and the text report file, please set the "Show Parameter Settings in Synthesis Report" option in "Analysis and Synthesis Settings -> More Settings" to "Off".


+------------------------------------------------------------------------+
; Parameter Settings for User Entity Instance: cpu:CPU|vDFFE:DataAddress ;
+----------------+-------+-----------------------------------------------+
; Parameter Name ; Value ; Type                                          ;
+----------------+-------+-----------------------------------------------+
; n              ; 9     ; Signed Integer                                ;
+----------------+-------+-----------------------------------------------+
Note: In order to hide this table in the UI and the text report file, please set the "Show Parameter Settings in Synthesis Report" option in "Analysis and Synthesis Settings -> More Settings" to "Off".


+------------------------------------------------------+
; Parameter Settings for User Entity Instance: RAM:MEM ;
+----------------+-----------+-------------------------+
; Parameter Name ; Value     ; Type                    ;
+----------------+-----------+-------------------------+
; data_width     ; 16        ; Signed Integer          ;
; addr_width     ; 8         ; Signed Integer          ;
; filename       ; data2.txt ; String                  ;
+----------------+-----------+-------------------------+
Note: In order to hide this table in the UI and the text report file, please set the "Show Parameter Settings in Synthesis Report" option in "Analysis and Synthesis Settings -> More Settings" to "Off".


+-----------------------------------------------------------+
; Parameter Settings for User Entity Instance: vDFFE:ledREG ;
+----------------+-------+----------------------------------+
; Parameter Name ; Value ; Type                             ;
+----------------+-------+----------------------------------+
; n              ; 8     ; Signed Integer                   ;
+----------------+-------+----------------------------------+
Note: In order to hide this table in the UI and the text report file, please set the "Show Parameter Settings in Synthesis Report" option in "Analysis and Synthesis Settings -> More Settings" to "Off".


+------------------------------------------------------------------------------------------+
; Parameter Settings for Inferred Entity Instance: RAM:MEM|altsyncram:mem_rtl_0            ;
+------------------------------------+------------------------------------+----------------+
; Parameter Name                     ; Value                              ; Type           ;
+------------------------------------+------------------------------------+----------------+
; BYTE_SIZE_BLOCK                    ; 8                                  ; Untyped        ;
; AUTO_CARRY_CHAINS                  ; ON                                 ; AUTO_CARRY     ;
; IGNORE_CARRY_BUFFERS               ; OFF                                ; IGNORE_CARRY   ;
; AUTO_CASCADE_CHAINS                ; ON                                 ; AUTO_CASCADE   ;
; IGNORE_CASCADE_BUFFERS             ; OFF                                ; IGNORE_CASCADE ;
; WIDTH_BYTEENA                      ; 1                                  ; Untyped        ;
; OPERATION_MODE                     ; DUAL_PORT                          ; Untyped        ;
; WIDTH_A                            ; 16                                 ; Untyped        ;
; WIDTHAD_A                          ; 8                                  ; Untyped        ;
; NUMWORDS_A                         ; 256                                ; Untyped        ;
; OUTDATA_REG_A                      ; UNREGISTERED                       ; Untyped        ;
; ADDRESS_ACLR_A                     ; NONE                               ; Untyped        ;
; OUTDATA_ACLR_A                     ; NONE                               ; Untyped        ;
; WRCONTROL_ACLR_A                   ; NONE                               ; Untyped        ;
; INDATA_ACLR_A                      ; NONE                               ; Untyped        ;
; BYTEENA_ACLR_A                     ; NONE                               ; Untyped        ;
; WIDTH_B                            ; 16                                 ; Untyped        ;
; WIDTHAD_B                          ; 8                                  ; Untyped        ;
; NUMWORDS_B                         ; 256                                ; Untyped        ;
; INDATA_REG_B                       ; CLOCK1                             ; Untyped        ;
; WRCONTROL_WRADDRESS_REG_B          ; CLOCK1                             ; Untyped        ;
; RDCONTROL_REG_B                    ; CLOCK1                             ; Untyped        ;
; ADDRESS_REG_B                      ; CLOCK0                             ; Untyped        ;
; OUTDATA_REG_B                      ; UNREGISTERED                       ; Untyped        ;
; BYTEENA_REG_B                      ; CLOCK1                             ; Untyped        ;
; INDATA_ACLR_B                      ; NONE                               ; Untyped        ;
; WRCONTROL_ACLR_B                   ; NONE                               ; Untyped        ;
; ADDRESS_ACLR_B                     ; NONE                               ; Untyped        ;
; OUTDATA_ACLR_B                     ; NONE                               ; Untyped        ;
; RDCONTROL_ACLR_B                   ; NONE                               ; Untyped        ;
; BYTEENA_ACLR_B                     ; NONE                               ; Untyped        ;
; WIDTH_BYTEENA_A                    ; 1                                  ; Untyped        ;
; WIDTH_BYTEENA_B                    ; 1                                  ; Untyped        ;
; RAM_BLOCK_TYPE                     ; AUTO                               ; Untyped        ;
; BYTE_SIZE                          ; 8                                  ; Untyped        ;
; READ_DURING_WRITE_MODE_MIXED_PORTS ; OLD_DATA                           ; Untyped        ;
; READ_DURING_WRITE_MODE_PORT_A      ; NEW_DATA_NO_NBE_READ               ; Untyped        ;
; READ_DURING_WRITE_MODE_PORT_B      ; NEW_DATA_NO_NBE_READ               ; Untyped        ;
; INIT_FILE                          ; db/lab7_top.ram0_RAM_15119.hdl.mif ; Untyped        ;
; INIT_FILE_LAYOUT                   ; PORT_A                             ; Untyped        ;
; MAXIMUM_DEPTH                      ; 0                                  ; Untyped        ;
; CLOCK_ENABLE_INPUT_A               ; NORMAL                             ; Untyped        ;
; CLOCK_ENABLE_INPUT_B               ; NORMAL                             ; Untyped        ;
; CLOCK_ENABLE_OUTPUT_A              ; NORMAL                             ; Untyped        ;
; CLOCK_ENABLE_OUTPUT_B              ; NORMAL                             ; Untyped        ;
; CLOCK_ENABLE_CORE_A                ; USE_INPUT_CLKEN                    ; Untyped        ;
; CLOCK_ENABLE_CORE_B                ; USE_INPUT_CLKEN                    ; Untyped        ;
; ENABLE_ECC                         ; FALSE                              ; Untyped        ;
; ECC_PIPELINE_STAGE_ENABLED         ; FALSE                              ; Untyped        ;
; WIDTH_ECCSTATUS                    ; 3                                  ; Untyped        ;
; DEVICE_FAMILY                      ; Cyclone V                          ; Untyped        ;
; CBXI_PARAMETER                     ; altsyncram_65r1                    ; Untyped        ;
+------------------------------------+------------------------------------+----------------+
Note: In order to hide this table in the UI and the text report file, please set the "Show Parameter Settings in Synthesis Report" option in "Analysis and Synthesis Settings -> More Settings" to "Off".


+--------------------------------------------------------------------------+
; altsyncram Parameter Settings by Entity Instance                         ;
+-------------------------------------------+------------------------------+
; Name                                      ; Value                        ;
+-------------------------------------------+------------------------------+
; Number of entity instances                ; 1                            ;
; Entity Instance                           ; RAM:MEM|altsyncram:mem_rtl_0 ;
;     -- OPERATION_MODE                     ; DUAL_PORT                    ;
;     -- WIDTH_A                            ; 16                           ;
;     -- NUMWORDS_A                         ; 256                          ;
;     -- OUTDATA_REG_A                      ; UNREGISTERED                 ;
;     -- WIDTH_B                            ; 16                           ;
;     -- NUMWORDS_B                         ; 256                          ;
;     -- ADDRESS_REG_B                      ; CLOCK0                       ;
;     -- OUTDATA_REG_B                      ; UNREGISTERED                 ;
;     -- RAM_BLOCK_TYPE                     ; AUTO                         ;
;     -- READ_DURING_WRITE_MODE_MIXED_PORTS ; OLD_DATA                     ;
+-------------------------------------------+------------------------------+


+----------------------------------------------------------------------------------------------------------------+
; Port Connectivity Checks: "cpu:CPU|datapath:DP|alu:CMP|AddSub:ADDER1"                                          ;
+------+--------+----------+-------------------------------------------------------------------------------------+
; Port ; Type   ; Severity ; Details                                                                             ;
+------+--------+----------+-------------------------------------------------------------------------------------+
; s    ; Output ; Info     ; Connected to dangling logic. Logic that only feeds a dangling port will be removed. ;
+------+--------+----------+-------------------------------------------------------------------------------------+


+-----------------------------------------------------------------------+
; Port Connectivity Checks: "cpu:CPU|datapath:DP|mux41:muxintoregister" ;
+----------+-------+----------+-----------------------------------------+
; Port     ; Type  ; Severity ; Details                                 ;
+----------+-------+----------+-----------------------------------------+
; b[15..9] ; Input ; Info     ; Stuck at GND                            ;
+----------+-------+----------+-----------------------------------------+


+----------------------------------------------------------------------------------------------------------------+
; Port Connectivity Checks: "cpu:CPU"                                                                            ;
+------+--------+----------+-------------------------------------------------------------------------------------+
; Port ; Type   ; Severity ; Details                                                                             ;
+------+--------+----------+-------------------------------------------------------------------------------------+
; N    ; Output ; Info     ; Connected to dangling logic. Logic that only feeds a dangling port will be removed. ;
; V    ; Output ; Info     ; Connected to dangling logic. Logic that only feeds a dangling port will be removed. ;
; Z    ; Output ; Info     ; Connected to dangling logic. Logic that only feeds a dangling port will be removed. ;
+------+--------+----------+-------------------------------------------------------------------------------------+


+-----------------------------------------------------+
; Post-Synthesis Netlist Statistics for Top Partition ;
+-----------------------+-----------------------------+
; Type                  ; Count                       ;
+-----------------------+-----------------------------+
; arriav_ff             ; 223                         ;
;     ENA               ; 193                         ;
;     ENA SCLR          ; 9                           ;
;     ENA SLD           ; 16                          ;
;     plain             ; 5                           ;
; arriav_lcell_comb     ; 320                         ;
;     arith             ; 26                          ;
;         1 data inputs ; 10                          ;
;         5 data inputs ; 16                          ;
;     normal            ; 294                         ;
;         0 data inputs ; 2                           ;
;         2 data inputs ; 14                          ;
;         3 data inputs ; 60                          ;
;         4 data inputs ; 45                          ;
;         5 data inputs ; 76                          ;
;         6 data inputs ; 97                          ;
; boundary_port         ; 67                          ;
; stratixv_ram_block    ; 16                          ;
;                       ;                             ;
; Max LUT depth         ; 10.00                       ;
; Average LUT depth     ; 5.13                        ;
+-----------------------+-----------------------------+


+-------------------------------+
; Elapsed Time Per Partition    ;
+----------------+--------------+
; Partition Name ; Elapsed Time ;
+----------------+--------------+
; Top            ; 00:00:01     ;
+----------------+--------------+


+-------------------------------+
; Analysis & Synthesis Messages ;
+-------------------------------+
Info: *******************************************************************
Info: Running Quartus II 64-Bit Analysis & Synthesis
    Info: Version 14.1.0 Build 186 12/03/2014 SJ Web Edition
    Info: Processing started: Sat Jan 12 23:31:58 2019
Info: Command: quartus_map --read_settings_files=on --write_settings_files=off lab7 -c lab7_top
Info (20030): Parallel compilation is enabled and will use 12 of the 12 processors detected
Info (12021): Found 1 design units, including 1 entities, in source file shifter_tb.v
    Info (12023): Found entity 1: shifter_tb
Info (12021): Found 1 design units, including 1 entities, in source file shifter.v
    Info (12023): Found entity 1: shifter
Info (12021): Found 1 design units, including 1 entities, in source file regfile_tb.v
    Info (12023): Found entity 1: regfile_tb
Info (12021): Found 5 design units, including 5 entities, in source file regfile.v
    Info (12023): Found entity 1: regfile
    Info (12023): Found entity 2: dec
    Info (12023): Found entity 3: vDFFE
    Info (12023): Found entity 4: mux2
    Info (12023): Found entity 5: vDFF
Info (12021): Found 1 design units, including 1 entities, in source file lab7_top_tb.v
    Info (12023): Found entity 1: lab7_top_tb
Info (12021): Found 2 design units, including 2 entities, in source file lab7_top.v
    Info (12023): Found entity 1: lab7_top
    Info (12023): Found entity 2: RAM
Info (12021): Found 2 design units, including 2 entities, in source file lab7_autograder_check.v
    Info (12023): Found entity 1: lab7_check_tb
    Info (12023): Found entity 2: cpu_autograder_example_tb
Info (12021): Found 1 design units, including 1 entities, in source file datapath_tb.v
    Info (12023): Found entity 1: datapath_tb
Warning (12090): Entity "mux41" obtained from "datapath.v" instead of from Quartus II megafunction library
Info (12021): Found 2 design units, including 2 entities, in source file datapath.v
    Info (12023): Found entity 1: datapath
    Info (12023): Found entity 2: mux41
Info (12021): Found 4 design units, including 4 entities, in source file cpu.v
    Info (12023): Found entity 1: cpu
    Info (12023): Found entity 2: mux31
    Info (12023): Found entity 3: signExtended
    Info (12023): Found entity 4: FSM
Info (12021): Found 1 design units, including 1 entities, in source file alu_tb.v
    Info (12023): Found entity 1: alu_tb
Info (12021): Found 3 design units, including 3 entities, in source file alu.v
    Info (12023): Found entity 1: alu
    Info (12023): Found entity 2: AddSub
    Info (12023): Found entity 3: Adder1
Warning (10236): Verilog HDL Implicit Net warning at lab7_top.v(22): created implicit net for "N"
Warning (10236): Verilog HDL Implicit Net warning at lab7_top.v(22): created implicit net for "V"
Warning (10236): Verilog HDL Implicit Net warning at lab7_top.v(22): created implicit net for "Z"
Info (12127): Elaborating entity "lab7_top" for the top level hierarchy
Warning (10036): Verilog HDL or VHDL warning at lab7_top.v(14): object "s" assigned a value but never read
Warning (10036): Verilog HDL or VHDL warning at lab7_top.v(15): object "load" assigned a value but never read
Info (12128): Elaborating entity "cpu" for hierarchy "cpu:CPU"
Info (12128): Elaborating entity "signExtended" for hierarchy "cpu:CPU|signExtended:Xtendimm5"
Info (12128): Elaborating entity "signExtended" for hierarchy "cpu:CPU|signExtended:Xtendimm8"
Info (12128): Elaborating entity "vDFFE" for hierarchy "cpu:CPU|vDFFE:instructionReg"
Info (12128): Elaborating entity "mux31" for hierarchy "cpu:CPU|mux31:muxintoregister"
Info (10264): Verilog HDL Case Statement information at cpu.v(79): all case item expressions in this case statement are onehot
Info (12128): Elaborating entity "FSM" for hierarchy "cpu:CPU|FSM:statemachine"
Warning (10935): Verilog HDL Casex/Casez warning at cpu.v(209): casex/casez item expression overlaps with a previous casex/casez item expression
Warning (10935): Verilog HDL Casex/Casez warning at cpu.v(210): casex/casez item expression overlaps with a previous casex/casez item expression
Info (12128): Elaborating entity "vDFF" for hierarchy "cpu:CPU|FSM:statemachine|vDFF:STATE"
Info (12128): Elaborating entity "datapath" for hierarchy "cpu:CPU|datapath:DP"
Info (12128): Elaborating entity "mux41" for hierarchy "cpu:CPU|datapath:DP|mux41:muxintoregister"
Info (12128): Elaborating entity "regfile" for hierarchy "cpu:CPU|datapath:DP|regfile:REGFILE"
Info (12128): Elaborating entity "dec" for hierarchy "cpu:CPU|datapath:DP|regfile:REGFILE|dec:decodetoregister"
Warning (10230): Verilog HDL assignment warning at regfile.v(55): truncated value with size 32 to match size of target (8)
Info (12128): Elaborating entity "mux2" for hierarchy "cpu:CPU|datapath:DP|regfile:REGFILE|mux2:chooser"
Info (10264): Verilog HDL Case Statement information at regfile.v(88): all case item expressions in this case statement are onehot
Info (12128): Elaborating entity "vDFFE" for hierarchy "cpu:CPU|datapath:DP|vDFFE:aRegister"
Info (12128): Elaborating entity "shifter" for hierarchy "cpu:CPU|datapath:DP|shifter:shifting"
Info (12128): Elaborating entity "alu" for hierarchy "cpu:CPU|datapath:DP|alu:CMP"
Info (12128): Elaborating entity "AddSub" for hierarchy "cpu:CPU|datapath:DP|alu:CMP|AddSub:ADDER1"
Info (12128): Elaborating entity "Adder1" for hierarchy "cpu:CPU|datapath:DP|alu:CMP|AddSub:ADDER1|Adder1:ai"
Info (12128): Elaborating entity "Adder1" for hierarchy "cpu:CPU|datapath:DP|alu:CMP|AddSub:ADDER1|Adder1:as"
Info (12128): Elaborating entity "vDFFE" for hierarchy "cpu:CPU|datapath:DP|vDFFE:stat"
Info (12128): Elaborating entity "vDFFE" for hierarchy "cpu:CPU|vDFFE:PCReg"
Info (12128): Elaborating entity "RAM" for hierarchy "RAM:MEM"
Info (12128): Elaborating entity "vDFFE" for hierarchy "vDFFE:ledREG"
Warning (13046): Tri-state node(s) do not directly drive top-level pin(s)
    Warning (13048): Converted tri-state node "x[15]" into a selector
    Warning (13048): Converted tri-state node "x[14]" into a selector
    Warning (13048): Converted tri-state node "x[13]" into a selector
    Warning (13048): Converted tri-state node "x[12]" into a selector
    Warning (13048): Converted tri-state node "x[11]" into a selector
    Warning (13048): Converted tri-state node "x[10]" into a selector
    Warning (13048): Converted tri-state node "x[9]" into a selector
    Warning (13048): Converted tri-state node "x[8]" into a selector
    Warning (13048): Converted tri-state node "x[7]" into a selector
    Warning (13048): Converted tri-state node "x[6]" into a selector
    Warning (13048): Converted tri-state node "x[5]" into a selector
    Warning (13048): Converted tri-state node "x[4]" into a selector
    Warning (13048): Converted tri-state node "x[3]" into a selector
    Warning (13048): Converted tri-state node "x[2]" into a selector
    Warning (13048): Converted tri-state node "x[1]" into a selector
    Warning (13048): Converted tri-state node "x[0]" into a selector
Info (19000): Inferred 1 megafunctions from design logic
    Info (276029): Inferred altsyncram megafunction from the following design logic: "RAM:MEM|mem_rtl_0" 
        Info (286033): Parameter OPERATION_MODE set to DUAL_PORT
        Info (286033): Parameter WIDTH_A set to 16
        Info (286033): Parameter WIDTHAD_A set to 8
        Info (286033): Parameter NUMWORDS_A set to 256
        Info (286033): Parameter WIDTH_B set to 16
        Info (286033): Parameter WIDTHAD_B set to 8
        Info (286033): Parameter NUMWORDS_B set to 256
        Info (286033): Parameter ADDRESS_ACLR_A set to NONE
        Info (286033): Parameter OUTDATA_REG_B set to UNREGISTERED
        Info (286033): Parameter ADDRESS_ACLR_B set to NONE
        Info (286033): Parameter OUTDATA_ACLR_B set to NONE
        Info (286033): Parameter ADDRESS_REG_B set to CLOCK0
        Info (286033): Parameter INDATA_ACLR_A set to NONE
        Info (286033): Parameter WRCONTROL_ACLR_A set to NONE
        Info (286033): Parameter INIT_FILE set to db/lab7_top.ram0_RAM_15119.hdl.mif
        Info (286033): Parameter READ_DURING_WRITE_MODE_MIXED_PORTS set to OLD_DATA
Info (12130): Elaborated megafunction instantiation "RAM:MEM|altsyncram:mem_rtl_0"
Info (12133): Instantiated megafunction "RAM:MEM|altsyncram:mem_rtl_0" with the following parameter:
    Info (12134): Parameter "OPERATION_MODE" = "DUAL_PORT"
    Info (12134): Parameter "WIDTH_A" = "16"
    Info (12134): Parameter "WIDTHAD_A" = "8"
    Info (12134): Parameter "NUMWORDS_A" = "256"
    Info (12134): Parameter "WIDTH_B" = "16"
    Info (12134): Parameter "WIDTHAD_B" = "8"
    Info (12134): Parameter "NUMWORDS_B" = "256"
    Info (12134): Parameter "ADDRESS_ACLR_A" = "NONE"
    Info (12134): Parameter "OUTDATA_REG_B" = "UNREGISTERED"
    Info (12134): Parameter "ADDRESS_ACLR_B" = "NONE"
    Info (12134): Parameter "OUTDATA_ACLR_B" = "NONE"
    Info (12134): Parameter "ADDRESS_REG_B" = "CLOCK0"
    Info (12134): Parameter "INDATA_ACLR_A" = "NONE"
    Info (12134): Parameter "WRCONTROL_ACLR_A" = "NONE"
    Info (12134): Parameter "INIT_FILE" = "db/lab7_top.ram0_RAM_15119.hdl.mif"
    Info (12134): Parameter "READ_DURING_WRITE_MODE_MIXED_PORTS" = "OLD_DATA"
Info (12021): Found 1 design units, including 1 entities, in source file db/altsyncram_65r1.tdf
    Info (12023): Found entity 1: altsyncram_65r1
Warning (13024): Output pins are stuck at VCC or GND
    Warning (13410): Pin "LEDR[8]" is stuck at GND
    Warning (13410): Pin "LEDR[9]" is stuck at GND
    Warning (13410): Pin "HEX0[0]" is stuck at VCC
    Warning (13410): Pin "HEX0[1]" is stuck at VCC
    Warning (13410): Pin "HEX0[2]" is stuck at VCC
    Warning (13410): Pin "HEX0[3]" is stuck at VCC
    Warning (13410): Pin "HEX0[4]" is stuck at VCC
    Warning (13410): Pin "HEX0[5]" is stuck at VCC
    Warning (13410): Pin "HEX0[6]" is stuck at VCC
    Warning (13410): Pin "HEX1[0]" is stuck at VCC
    Warning (13410): Pin "HEX1[1]" is stuck at VCC
    Warning (13410): Pin "HEX1[2]" is stuck at VCC
    Warning (13410): Pin "HEX1[3]" is stuck at VCC
    Warning (13410): Pin "HEX1[4]" is stuck at VCC
    Warning (13410): Pin "HEX1[5]" is stuck at VCC
    Warning (13410): Pin "HEX1[6]" is stuck at VCC
    Warning (13410): Pin "HEX2[0]" is stuck at VCC
    Warning (13410): Pin "HEX2[1]" is stuck at VCC
    Warning (13410): Pin "HEX2[2]" is stuck at VCC
    Warning (13410): Pin "HEX2[3]" is stuck at VCC
    Warning (13410): Pin "HEX2[4]" is stuck at VCC
    Warning (13410): Pin "HEX2[5]" is stuck at VCC
    Warning (13410): Pin "HEX2[6]" is stuck at VCC
    Warning (13410): Pin "HEX3[0]" is stuck at VCC
    Warning (13410): Pin "HEX3[1]" is stuck at VCC
    Warning (13410): Pin "HEX3[2]" is stuck at VCC
    Warning (13410): Pin "HEX3[3]" is stuck at VCC
    Warning (13410): Pin "HEX3[4]" is stuck at VCC
    Warning (13410): Pin "HEX3[5]" is stuck at VCC
    Warning (13410): Pin "HEX3[6]" is stuck at VCC
    Warning (13410): Pin "HEX4[0]" is stuck at VCC
    Warning (13410): Pin "HEX4[1]" is stuck at VCC
    Warning (13410): Pin "HEX4[2]" is stuck at VCC
    Warning (13410): Pin "HEX4[3]" is stuck at VCC
    Warning (13410): Pin "HEX4[4]" is stuck at VCC
    Warning (13410): Pin "HEX4[5]" is stuck at VCC
    Warning (13410): Pin "HEX4[6]" is stuck at VCC
    Warning (13410): Pin "HEX5[0]" is stuck at VCC
    Warning (13410): Pin "HEX5[1]" is stuck at VCC
    Warning (13410): Pin "HEX5[2]" is stuck at VCC
    Warning (13410): Pin "HEX5[3]" is stuck at VCC
    Warning (13410): Pin "HEX5[4]" is stuck at VCC
    Warning (13410): Pin "HEX5[5]" is stuck at VCC
    Warning (13410): Pin "HEX5[6]" is stuck at VCC
Info (286030): Timing-Driven Synthesis is running
Info (144001): Generated suppressed messages file E:/Google Drive/1st term/1-CPEN 211/lab7/lab7/output_files/lab7_top.map.smsg
Info (16010): Generating hard_block partition "hard_block:auto_generated_inst"
    Info (16011): Adding 0 node(s), including 0 DDIO, 0 PLL, 0 transceiver and 0 LCELL
Warning (21074): Design contains 3 input pin(s) that do not drive logic
    Warning (15610): No output dependent on input pin "KEY[0]"
    Warning (15610): No output dependent on input pin "KEY[2]"
    Warning (15610): No output dependent on input pin "KEY[3]"
Info (21057): Implemented 578 device resources after synthesis - the final resource count might be different
    Info (21058): Implemented 15 input pins
    Info (21059): Implemented 52 output pins
    Info (21061): Implemented 495 logic cells
    Info (21064): Implemented 16 RAM segments
Info: Quartus II 64-Bit Analysis & Synthesis was successful. 0 errors, 75 warnings
    Info: Peak virtual memory: 4902 megabytes
    Info: Processing ended: Sat Jan 12 23:32:08 2019
    Info: Elapsed time: 00:00:10
    Info: Total CPU time (on all processors): 00:00:20


+------------------------------------------+
; Analysis & Synthesis Suppressed Messages ;
+------------------------------------------+
The suppressed messages can be found in E:/Google Drive/1st term/1-CPEN 211/lab7/lab7/output_files/lab7_top.map.smsg.


